[2023-03-16_08-35-43] ./main.py -a resnet18_imagenet --action QUANTIZE --is_float True --exp 6 --man 9

[2023-03-16_08-35-43] desc=None, x_bits=None, w_bits=None, is_float=True, exp=6, man=9
[2023-03-16_08-35-43] __init__: arch=resnet18, dataset=imagenet, model_chkp=None, pretrained=True
[2023-03-16_08-35-46] train_pred: epochs=1, lr=0, lr_plan=None, momentum=0.9, wd=0.0005, batch_size=128, optimizer=SGD
[2023-03-16_08-35-46] lr=0, running train steps with no_grad()
[2023-03-16_08-35-51] Epoch: [0][   0/9375]	Time  4.673 ( 4.673)	Data  4.365 ( 4.365)	Loss 1.2149e+00 (1.2149e+00)	Acc@1  67.19 ( 67.19)	Acc@5  90.62 ( 90.62)
[2023-03-16_08-35-54] Epoch: [0][  10/9375]	Time  0.253 ( 0.732)	Data  0.001 ( 0.492)	Loss 1.2664e+00 (1.3144e+00)	Acc@1  71.09 ( 68.47)	Acc@5  89.84 ( 87.86)
[2023-03-16_08-36-03] Test: [  0/391]	Time  6.254 ( 6.254)	Loss 6.0032e-01 (6.0032e-01)	Acc@1  84.38 ( 84.38)	Acc@5  95.31 ( 95.31)
[2023-03-16_08-36-06] Test: [ 10/391]	Time  0.315 ( 0.837)	Loss 9.2885e-01 (6.0838e-01)	Acc@1  75.78 ( 84.87)	Acc@5  95.31 ( 95.31)
[2023-03-16_08-36-08] Test: [ 20/391]	Time  0.202 ( 0.512)	Loss 8.5518e-01 (8.4728e-01)	Acc@1  81.25 ( 78.79)	Acc@5  91.41 ( 93.08)
[2023-03-16_08-36-09] Test: [ 30/391]	Time  0.093 ( 0.389)	Loss 1.3945e+00 (1.0042e+00)	Acc@1  74.22 ( 74.42)	Acc@5  88.28 ( 91.81)
[2023-03-16_08-36-11] Test: [ 40/391]	Time  0.261 ( 0.335)	Loss 8.8768e-01 (9.0900e-01)	Acc@1  79.69 ( 76.85)	Acc@5  92.19 ( 92.59)
[2023-03-16_08-36-12] Test: [ 50/391]	Time  0.176 ( 0.305)	Loss 4.1437e-01 (9.2772e-01)	Acc@1  87.50 ( 76.58)	Acc@5  98.44 ( 92.33)
[2023-03-16_08-36-14] Test: [ 60/391]	Time  0.153 ( 0.279)	Loss 9.6436e-01 (8.6956e-01)	Acc@1  77.34 ( 77.96)	Acc@5  90.62 ( 92.82)
[2023-03-16_08-36-16] Test: [ 70/391]	Time  0.346 ( 0.272)	Loss 9.7264e-01 (9.0043e-01)	Acc@1  69.53 ( 76.97)	Acc@5  96.09 ( 92.77)
[2023-03-16_08-36-18] Test: [ 80/391]	Time  0.222 ( 0.266)	Loss 8.8767e-01 (9.1378e-01)	Acc@1  73.44 ( 76.29)	Acc@5  96.09 ( 92.96)
[2023-03-16_08-36-20] Test: [ 90/391]	Time  0.198 ( 0.253)	Loss 1.0871e+00 (9.1670e-01)	Acc@1  63.28 ( 76.15)	Acc@5  94.53 ( 93.02)
[2023-03-16_08-36-21] Test: [100/391]	Time  0.130 ( 0.243)	Loss 7.6429e-01 (9.1111e-01)	Acc@1  80.47 ( 75.97)	Acc@5  95.31 ( 93.23)
[2023-03-16_08-36-23] Test: [110/391]	Time  0.202 ( 0.239)	Loss 1.1905e+00 (9.1567e-01)	Acc@1  53.91 ( 75.61)	Acc@5  92.19 ( 93.31)
[2023-03-16_08-36-25] Test: [120/391]	Time  0.174 ( 0.235)	Loss 7.6834e-01 (9.1282e-01)	Acc@1  80.47 ( 75.92)	Acc@5  96.88 ( 93.42)
[2023-03-16_08-36-27] Test: [130/391]	Time  0.106 ( 0.228)	Loss 3.9545e-01 (9.0302e-01)	Acc@1  92.97 ( 76.31)	Acc@5  96.88 ( 93.52)
[2023-03-16_08-36-28] Test: [140/391]	Time  0.146 ( 0.222)	Loss 1.0030e+00 (9.0201e-01)	Acc@1  70.31 ( 76.27)	Acc@5  95.31 ( 93.58)
[2023-03-16_08-36-30] Test: [150/391]	Time  0.174 ( 0.217)	Loss 7.9045e-01 (9.0501e-01)	Acc@1  71.09 ( 76.23)	Acc@5  93.75 ( 93.50)
[2023-03-16_08-36-31] Test: [160/391]	Time  0.174 ( 0.212)	Loss 8.9792e-01 (9.1249e-01)	Acc@1  77.34 ( 76.24)	Acc@5  92.19 ( 93.36)
[2023-03-16_08-36-33] Test: [170/391]	Time  0.144 ( 0.209)	Loss 1.7359e+00 (9.4684e-01)	Acc@1  55.47 ( 75.52)	Acc@5  86.72 ( 92.95)
[2023-03-16_08-36-34] Test: [180/391]	Time  0.133 ( 0.207)	Loss 2.1038e+00 (9.7921e-01)	Acc@1  49.22 ( 74.88)	Acc@5  82.81 ( 92.50)
[2023-03-16_08-36-36] Test: [190/391]	Time  0.169 ( 0.203)	Loss 2.0397e+00 (1.0133e+00)	Acc@1  55.47 ( 74.19)	Acc@5  82.81 ( 92.08)
[2023-03-16_08-36-37] Test: [200/391]	Time  0.187 ( 0.201)	Loss 1.1952e+00 (1.0445e+00)	Acc@1  65.62 ( 73.57)	Acc@5  89.84 ( 91.70)
[2023-03-16_08-36-39] Test: [210/391]	Time  0.203 ( 0.199)	Loss 1.4944e+00 (1.0648e+00)	Acc@1  69.53 ( 73.15)	Acc@5  84.38 ( 91.47)
[2023-03-16_08-36-40] Test: [220/391]	Time  0.097 ( 0.196)	Loss 6.8332e-01 (1.0756e+00)	Acc@1  84.38 ( 72.96)	Acc@5  94.53 ( 91.26)
[2023-03-16_08-36-41] Test: [230/391]	Time  0.198 ( 0.192)	Loss 2.0074e+00 (1.0892e+00)	Acc@1  50.78 ( 72.73)	Acc@5  79.69 ( 91.06)
[2023-03-16_08-36-43] Test: [240/391]	Time  0.246 ( 0.190)	Loss 1.2675e+00 (1.0969e+00)	Acc@1  72.66 ( 72.67)	Acc@5  86.72 ( 90.91)
[2023-03-16_08-36-45] Test: [250/391]	Time  0.166 ( 0.191)	Loss 8.2697e-01 (1.1240e+00)	Acc@1  74.22 ( 72.02)	Acc@5  92.97 ( 90.56)
[2023-03-16_08-36-46] Test: [260/391]	Time  0.135 ( 0.189)	Loss 1.4372e+00 (1.1440e+00)	Acc@1  64.06 ( 71.61)	Acc@5  89.84 ( 90.35)
[2023-03-16_08-36-48] Test: [270/391]	Time  0.123 ( 0.188)	Loss 1.9808e+00 (1.1539e+00)	Acc@1  53.12 ( 71.43)	Acc@5  85.94 ( 90.23)
[2023-03-16_08-36-49] Test: [280/391]	Time  0.171 ( 0.186)	Loss 1.2189e+00 (1.1608e+00)	Acc@1  65.62 ( 71.30)	Acc@5  91.41 ( 90.19)
[2023-03-16_08-36-51] Test: [290/391]	Time  0.158 ( 0.185)	Loss 1.8617e+00 (1.1754e+00)	Acc@1  48.44 ( 71.02)	Acc@5  82.03 ( 89.92)
[2023-03-16_08-36-52] Test: [300/391]	Time  0.167 ( 0.185)	Loss 1.2893e+00 (1.1871e+00)	Acc@1  76.56 ( 70.83)	Acc@5  87.50 ( 89.76)
[2023-03-16_08-36-54] Test: [310/391]	Time  0.159 ( 0.183)	Loss 1.6745e+00 (1.1968e+00)	Acc@1  65.62 ( 70.66)	Acc@5  84.38 ( 89.62)
[2023-03-16_08-36-55] Test: [320/391]	Time  0.116 ( 0.182)	Loss 8.2409e-01 (1.2065e+00)	Acc@1  84.38 ( 70.53)	Acc@5  92.97 ( 89.51)
[2023-03-16_08-36-57] Test: [330/391]	Time  0.107 ( 0.181)	Loss 2.0419e+00 (1.2246e+00)	Acc@1  53.91 ( 70.12)	Acc@5  78.91 ( 89.26)
[2023-03-16_08-36-57] Test: [340/391]	Time  0.074 ( 0.178)	Loss 1.1846e+00 (1.2313e+00)	Acc@1  71.09 ( 69.99)	Acc@5  91.41 ( 89.18)
[2023-03-16_08-36-58] Test: [350/391]	Time  0.074 ( 0.175)	Loss 1.4121e+00 (1.2373e+00)	Acc@1  65.62 ( 69.86)	Acc@5  89.06 ( 89.06)
[2023-03-16_08-36-59] Test: [360/391]	Time  0.074 ( 0.172)	Loss 1.7508e+00 (1.2481e+00)	Acc@1  53.91 ( 69.65)	Acc@5  89.06 ( 88.96)
[2023-03-16_08-37-00] Test: [370/391]	Time  0.074 ( 0.169)	Loss 1.0913e+00 (1.2420e+00)	Acc@1  64.84 ( 69.73)	Acc@5  94.53 ( 89.05)
[2023-03-16_08-37-00] Test: [380/391]	Time  0.074 ( 0.167)	Loss 9.4809e-01 (1.2435e+00)	Acc@1  75.00 ( 69.68)	Acc@5  95.31 ( 89.02)
[2023-03-16_08-37-01] Test: [390/391]	Time  0.048 ( 0.164)	Loss 2.4051e+00 (1.2371e+00)	Acc@1  41.25 ( 69.81)	Acc@5  78.75 ( 89.11)
[2023-03-16_08-37-02]  * Acc@1 69.812 Acc@5 89.106
