[2023-03-16_10-29-35] ./main.py -a resnet18_imagenet --action QUANTIZE --is_float True --exp 5 --man 6

[2023-03-16_10-29-35] desc=None, x_bits=None, w_bits=None, is_float=True, exp=5, man=6
[2023-03-16_10-29-35] __init__: arch=resnet18, dataset=imagenet, model_chkp=None, pretrained=True
[2023-03-16_10-29-38] train_pred: epochs=1, lr=0, lr_plan=None, momentum=0.9, wd=0.0005, batch_size=128, optimizer=SGD
[2023-03-16_10-29-38] lr=0, running train steps with no_grad()
[2023-03-16_10-29-44] Epoch: [0][   0/9375]	Time  5.853 ( 5.853)	Data  5.701 ( 5.701)	Loss 1.2141e+00 (1.2141e+00)	Acc@1  67.19 ( 67.19)	Acc@5  90.62 ( 90.62)
[2023-03-16_10-29-47] Epoch: [0][  10/9375]	Time  0.156 ( 0.830)	Data  0.009 ( 0.633)	Loss 1.2701e+00 (1.3142e+00)	Acc@1  71.09 ( 68.47)	Acc@5  89.84 ( 87.86)
[2023-03-16_10-29-56] Test: [  0/391]	Time  6.112 ( 6.112)	Loss 5.9871e-01 (5.9871e-01)	Acc@1  84.38 ( 84.38)	Acc@5  95.31 ( 95.31)
[2023-03-16_10-30-00] Test: [ 10/391]	Time  1.117 ( 0.903)	Loss 9.3900e-01 (6.0871e-01)	Acc@1  75.78 ( 84.87)	Acc@5  95.31 ( 95.38)
[2023-03-16_10-30-01] Test: [ 20/391]	Time  0.121 ( 0.531)	Loss 8.5184e-01 (8.4674e-01)	Acc@1  81.25 ( 78.72)	Acc@5  91.41 ( 93.15)
[2023-03-16_10-30-03] Test: [ 30/391]	Time  0.165 ( 0.413)	Loss 1.3988e+00 (1.0035e+00)	Acc@1  74.22 ( 74.32)	Acc@5  88.28 ( 91.86)
[2023-03-16_10-30-04] Test: [ 40/391]	Time  0.213 ( 0.347)	Loss 8.9099e-01 (9.0852e-01)	Acc@1  80.47 ( 76.81)	Acc@5  92.19 ( 92.63)
[2023-03-16_10-30-06] Test: [ 50/391]	Time  0.074 ( 0.316)	Loss 4.1280e-01 (9.2725e-01)	Acc@1  87.50 ( 76.59)	Acc@5  98.44 ( 92.36)
[2023-03-16_10-30-08] Test: [ 60/391]	Time  0.178 ( 0.292)	Loss 9.6467e-01 (8.6913e-01)	Acc@1  77.34 ( 77.97)	Acc@5  90.62 ( 92.84)
[2023-03-16_10-30-09] Test: [ 70/391]	Time  0.225 ( 0.270)	Loss 9.6439e-01 (8.9993e-01)	Acc@1  70.31 ( 76.98)	Acc@5  96.09 ( 92.80)
[2023-03-16_10-30-10] Test: [ 80/391]	Time  0.149 ( 0.254)	Loss 8.8920e-01 (9.1350e-01)	Acc@1  71.88 ( 76.26)	Acc@5  96.09 ( 93.00)
[2023-03-16_10-30-11] Test: [ 90/391]	Time  0.074 ( 0.236)	Loss 1.0931e+00 (9.1624e-01)	Acc@1  63.28 ( 76.12)	Acc@5  94.53 ( 93.05)
[2023-03-16_10-30-13] Test: [100/391]	Time  0.337 ( 0.227)	Loss 7.6321e-01 (9.1083e-01)	Acc@1  80.47 ( 75.92)	Acc@5  95.31 ( 93.27)
[2023-03-16_10-30-14] Test: [110/391]	Time  0.103 ( 0.218)	Loss 1.1951e+00 (9.1550e-01)	Acc@1  53.12 ( 75.59)	Acc@5  92.19 ( 93.35)
[2023-03-16_10-30-16] Test: [120/391]	Time  0.164 ( 0.216)	Loss 7.6898e-01 (9.1282e-01)	Acc@1  80.47 ( 75.90)	Acc@5  96.88 ( 93.45)
[2023-03-16_10-30-18] Test: [130/391]	Time  0.074 ( 0.212)	Loss 3.9803e-01 (9.0306e-01)	Acc@1  92.97 ( 76.26)	Acc@5  96.88 ( 93.54)
[2023-03-16_10-30-19] Test: [140/391]	Time  0.070 ( 0.209)	Loss 1.0002e+00 (9.0204e-01)	Acc@1  71.09 ( 76.23)	Acc@5  96.09 ( 93.61)
[2023-03-16_10-30-20] Test: [150/391]	Time  0.074 ( 0.201)	Loss 7.9238e-01 (9.0517e-01)	Acc@1  71.09 ( 76.20)	Acc@5  93.75 ( 93.52)
[2023-03-16_10-30-21] Test: [160/391]	Time  0.115 ( 0.194)	Loss 8.9568e-01 (9.1254e-01)	Acc@1  78.12 ( 76.24)	Acc@5  92.19 ( 93.37)
[2023-03-16_10-30-23] Test: [170/391]	Time  0.122 ( 0.193)	Loss 1.7380e+00 (9.4688e-01)	Acc@1  54.69 ( 75.53)	Acc@5  85.94 ( 92.96)
[2023-03-16_10-30-24] Test: [180/391]	Time  0.074 ( 0.191)	Loss 2.1076e+00 (9.7917e-01)	Acc@1  49.22 ( 74.90)	Acc@5  82.81 ( 92.52)
[2023-03-16_10-30-25] Test: [190/391]	Time  0.075 ( 0.185)	Loss 2.0392e+00 (1.0132e+00)	Acc@1  54.69 ( 74.22)	Acc@5  82.03 ( 92.09)
[2023-03-16_10-30-28] Test: [200/391]	Time  0.147 ( 0.191)	Loss 1.1908e+00 (1.0446e+00)	Acc@1  64.84 ( 73.60)	Acc@5  89.84 ( 91.70)
[2023-03-16_10-30-30] Test: [210/391]	Time  0.208 ( 0.191)	Loss 1.4963e+00 (1.0650e+00)	Acc@1  70.31 ( 73.19)	Acc@5  84.38 ( 91.46)
[2023-03-16_10-30-32] Test: [220/391]	Time  0.102 ( 0.189)	Loss 6.8407e-01 (1.0758e+00)	Acc@1  83.59 ( 73.00)	Acc@5  94.53 ( 91.25)
[2023-03-16_10-30-33] Test: [230/391]	Time  0.075 ( 0.186)	Loss 2.0036e+00 (1.0893e+00)	Acc@1  52.34 ( 72.78)	Acc@5  78.91 ( 91.04)
[2023-03-16_10-30-35] Test: [240/391]	Time  0.160 ( 0.187)	Loss 1.2638e+00 (1.0971e+00)	Acc@1  72.66 ( 72.73)	Acc@5  86.72 ( 90.89)
[2023-03-16_10-30-37] Test: [250/391]	Time  0.194 ( 0.187)	Loss 8.2455e-01 (1.1240e+00)	Acc@1  74.22 ( 72.07)	Acc@5  92.19 ( 90.55)
[2023-03-16_10-30-38] Test: [260/391]	Time  0.121 ( 0.186)	Loss 1.4302e+00 (1.1441e+00)	Acc@1  63.28 ( 71.66)	Acc@5  89.84 ( 90.33)
[2023-03-16_10-30-40] Test: [270/391]	Time  0.161 ( 0.184)	Loss 1.9695e+00 (1.1538e+00)	Acc@1  53.12 ( 71.48)	Acc@5  86.72 ( 90.22)
[2023-03-16_10-30-42] Test: [280/391]	Time  0.159 ( 0.184)	Loss 1.2180e+00 (1.1607e+00)	Acc@1  64.84 ( 71.34)	Acc@5  90.62 ( 90.17)
[2023-03-16_10-30-43] Test: [290/391]	Time  0.108 ( 0.181)	Loss 1.8723e+00 (1.1754e+00)	Acc@1  47.66 ( 71.06)	Acc@5  82.03 ( 89.91)
[2023-03-16_10-30-44] Test: [300/391]	Time  0.074 ( 0.178)	Loss 1.2851e+00 (1.1872e+00)	Acc@1  76.56 ( 70.87)	Acc@5  87.50 ( 89.73)
[2023-03-16_10-30-46] Test: [310/391]	Time  0.203 ( 0.179)	Loss 1.6760e+00 (1.1968e+00)	Acc@1  65.62 ( 70.71)	Acc@5  84.38 ( 89.60)
[2023-03-16_10-30-47] Test: [320/391]	Time  0.075 ( 0.178)	Loss 8.2392e-01 (1.2065e+00)	Acc@1  84.38 ( 70.58)	Acc@5  92.97 ( 89.49)
[2023-03-16_10-30-48] Test: [330/391]	Time  0.124 ( 0.175)	Loss 2.0364e+00 (1.2245e+00)	Acc@1  53.91 ( 70.18)	Acc@5  78.12 ( 89.25)
[2023-03-16_10-30-50] Test: [340/391]	Time  0.135 ( 0.175)	Loss 1.1821e+00 (1.2312e+00)	Acc@1  71.09 ( 70.04)	Acc@5  91.41 ( 89.17)
[2023-03-16_10-30-50] Test: [350/391]	Time  0.078 ( 0.173)	Loss 1.4146e+00 (1.2372e+00)	Acc@1  65.62 ( 69.91)	Acc@5  89.06 ( 89.06)
[2023-03-16_10-30-51] Test: [360/391]	Time  0.074 ( 0.170)	Loss 1.7523e+00 (1.2480e+00)	Acc@1  55.47 ( 69.69)	Acc@5  89.06 ( 88.96)
[2023-03-16_10-30-52] Test: [370/391]	Time  0.074 ( 0.167)	Loss 1.0961e+00 (1.2419e+00)	Acc@1  64.84 ( 69.78)	Acc@5  94.53 ( 89.05)
[2023-03-16_10-30-53] Test: [380/391]	Time  0.074 ( 0.165)	Loss 9.4588e-01 (1.2433e+00)	Acc@1  75.00 ( 69.73)	Acc@5  96.09 ( 89.03)
[2023-03-16_10-30-53] Test: [390/391]	Time  0.049 ( 0.162)	Loss 2.4090e+00 (1.2370e+00)	Acc@1  41.25 ( 69.87)	Acc@5  78.75 ( 89.11)
[2023-03-16_10-30-54]  * Acc@1 69.874 Acc@5 89.112
