[2023-03-14_19-50-31] main.py -a resnet18_imagenet --action QUANTIZE --is_float true --man 3 --exp 5

[2023-03-14_19-50-31] desc=None, x_bits=None, w_bits=None, is_float=True, exp=5, man=3
[2023-03-14_19-50-31] __init__: arch=resnet18, dataset=imagenet, model_chkp=None, pretrained=True
[2023-03-14_19-50-40] train_pred: epochs=1, lr=0, lr_plan=None, momentum=0.9, wd=0.0005, batch_size=128, optimizer=SGD
[2023-03-14_19-50-40] lr=0, running train steps with no_grad()
[2023-03-14_19-50-52] Epoch: [0][   0/9375]	Time 11.859 (11.859)	Data 11.436 (11.436)	Loss 1.2713e+00 (1.2713e+00)	Acc@1  67.19 ( 67.19)	Acc@5  89.84 ( 89.84)
[2023-03-14_19-50-54] Epoch: [0][  10/9375]	Time  0.270 ( 1.289)	Data  0.019 ( 1.043)	Loss 1.2953e+00 (1.3416e+00)	Acc@1  70.31 ( 68.39)	Acc@5  89.06 ( 87.29)
[2023-03-14_19-51-08] Test: [  0/391]	Time  9.999 ( 9.999)	Loss 5.8947e-01 (5.8947e-01)	Acc@1  84.38 ( 84.38)	Acc@5  95.31 ( 95.31)
[2023-03-14_19-51-11] Test: [ 10/391]	Time  0.345 ( 1.177)	Loss 9.6027e-01 (6.2263e-01)	Acc@1  74.22 ( 83.95)	Acc@5  94.53 ( 95.03)
[2023-03-14_19-51-13] Test: [ 20/391]	Time  0.239 ( 0.736)	Loss 8.9624e-01 (8.6282e-01)	Acc@1  78.12 ( 78.16)	Acc@5  91.41 ( 92.86)
[2023-03-14_19-51-16] Test: [ 30/391]	Time  0.385 ( 0.589)	Loss 1.3951e+00 (1.0207e+00)	Acc@1  76.56 ( 73.97)	Acc@5  88.28 ( 91.51)
[2023-03-14_19-51-18] Test: [ 40/391]	Time  0.101 ( 0.495)	Loss 9.4838e-01 (9.2305e-01)	Acc@1  78.12 ( 76.51)	Acc@5  91.41 ( 92.24)
[2023-03-14_19-51-21] Test: [ 50/391]	Time  0.248 ( 0.446)	Loss 4.3958e-01 (9.4029e-01)	Acc@1  87.50 ( 76.32)	Acc@5  96.88 ( 92.11)
[2023-03-14_19-51-24] Test: [ 60/391]	Time  0.208 ( 0.418)	Loss 1.0101e+00 (8.8149e-01)	Acc@1  79.69 ( 77.77)	Acc@5  90.62 ( 92.67)
[2023-03-14_19-51-26] Test: [ 70/391]	Time  0.213 ( 0.388)	Loss 9.5618e-01 (9.1317e-01)	Acc@1  67.19 ( 76.60)	Acc@5  96.88 ( 92.66)
[2023-03-14_19-51-28] Test: [ 80/391]	Time  0.170 ( 0.367)	Loss 8.6265e-01 (9.2592e-01)	Acc@1  76.56 ( 75.90)	Acc@5  96.09 ( 92.78)
[2023-03-14_19-51-30] Test: [ 90/391]	Time  0.132 ( 0.349)	Loss 1.0881e+00 (9.2979e-01)	Acc@1  62.50 ( 75.77)	Acc@5  94.53 ( 92.87)
[2023-03-14_19-51-32] Test: [100/391]	Time  0.185 ( 0.334)	Loss 7.3781e-01 (9.2340e-01)	Acc@1  80.47 ( 75.60)	Acc@5  96.09 ( 93.13)
[2023-03-14_19-51-34] Test: [110/391]	Time  0.142 ( 0.321)	Loss 1.2468e+00 (9.2907e-01)	Acc@1  56.25 ( 75.29)	Acc@5  92.19 ( 93.21)
[2023-03-14_19-51-36] Test: [120/391]	Time  0.230 ( 0.316)	Loss 7.7439e-01 (9.2666e-01)	Acc@1  79.69 ( 75.59)	Acc@5  96.09 ( 93.31)
[2023-03-14_19-51-39] Test: [130/391]	Time  0.246 ( 0.310)	Loss 4.0522e-01 (9.1701e-01)	Acc@1  92.19 ( 75.94)	Acc@5  96.88 ( 93.40)
[2023-03-14_19-51-40] Test: [140/391]	Time  0.204 ( 0.298)	Loss 1.0255e+00 (9.1563e-01)	Acc@1  71.09 ( 75.90)	Acc@5  94.53 ( 93.46)
[2023-03-14_19-51-42] Test: [150/391]	Time  0.271 ( 0.293)	Loss 8.1913e-01 (9.1839e-01)	Acc@1  70.31 ( 75.90)	Acc@5  94.53 ( 93.39)
[2023-03-14_19-51-44] Test: [160/391]	Time  0.154 ( 0.286)	Loss 9.1518e-01 (9.2514e-01)	Acc@1  75.78 ( 75.93)	Acc@5  91.41 ( 93.26)
[2023-03-14_19-51-46] Test: [170/391]	Time  0.269 ( 0.283)	Loss 1.7458e+00 (9.6047e-01)	Acc@1  57.81 ( 75.26)	Acc@5  84.38 ( 92.83)
[2023-03-14_19-51-49] Test: [180/391]	Time  0.286 ( 0.282)	Loss 2.1507e+00 (9.9345e-01)	Acc@1  50.78 ( 74.64)	Acc@5  82.03 ( 92.39)
[2023-03-14_19-51-51] Test: [190/391]	Time  0.191 ( 0.278)	Loss 2.0674e+00 (1.0266e+00)	Acc@1  54.69 ( 73.97)	Acc@5  82.03 ( 91.95)
[2023-03-14_19-51-53] Test: [200/391]	Time  0.248 ( 0.275)	Loss 1.1831e+00 (1.0576e+00)	Acc@1  71.09 ( 73.37)	Acc@5  89.84 ( 91.54)
[2023-03-14_19-51-56] Test: [210/391]	Time  0.196 ( 0.274)	Loss 1.4195e+00 (1.0785e+00)	Acc@1  69.53 ( 72.96)	Acc@5  85.16 ( 91.29)
[2023-03-14_19-51-57] Test: [220/391]	Time  0.189 ( 0.269)	Loss 6.9375e-01 (1.0898e+00)	Acc@1  82.03 ( 72.77)	Acc@5  95.31 ( 91.07)
[2023-03-14_19-51-59] Test: [230/391]	Time  0.327 ( 0.265)	Loss 2.0610e+00 (1.1038e+00)	Acc@1  50.78 ( 72.52)	Acc@5  77.34 ( 90.86)
[2023-03-14_19-52-01] Test: [240/391]	Time  0.170 ( 0.263)	Loss 1.2765e+00 (1.1126e+00)	Acc@1  71.88 ( 72.44)	Acc@5  87.50 ( 90.72)
[2023-03-14_19-52-04] Test: [250/391]	Time  0.177 ( 0.261)	Loss 8.4177e-01 (1.1403e+00)	Acc@1  75.78 ( 71.77)	Acc@5  92.19 ( 90.34)
[2023-03-14_19-52-06] Test: [260/391]	Time  0.180 ( 0.260)	Loss 1.4079e+00 (1.1601e+00)	Acc@1  64.06 ( 71.35)	Acc@5  87.50 ( 90.12)
[2023-03-14_19-52-08] Test: [270/391]	Time  0.190 ( 0.259)	Loss 1.9360e+00 (1.1702e+00)	Acc@1  50.78 ( 71.13)	Acc@5  89.06 ( 90.00)
[2023-03-14_19-52-10] Test: [280/391]	Time  0.292 ( 0.257)	Loss 1.2682e+00 (1.1770e+00)	Acc@1  64.84 ( 71.00)	Acc@5  89.84 ( 89.95)
[2023-03-14_19-52-12] Test: [290/391]	Time  0.173 ( 0.255)	Loss 1.9437e+00 (1.1919e+00)	Acc@1  47.66 ( 70.70)	Acc@5  80.47 ( 89.68)
[2023-03-14_19-52-14] Test: [300/391]	Time  0.264 ( 0.252)	Loss 1.2953e+00 (1.2034e+00)	Acc@1  75.00 ( 70.49)	Acc@5  85.94 ( 89.49)
[2023-03-14_19-52-16] Test: [310/391]	Time  0.133 ( 0.249)	Loss 1.6655e+00 (1.2134e+00)	Acc@1  63.28 ( 70.29)	Acc@5  85.16 ( 89.34)
[2023-03-14_19-52-18] Test: [320/391]	Time  0.216 ( 0.248)	Loss 7.8684e-01 (1.2228e+00)	Acc@1  85.16 ( 70.16)	Acc@5  92.19 ( 89.23)
[2023-03-14_19-52-20] Test: [330/391]	Time  0.208 ( 0.247)	Loss 2.0845e+00 (1.2399e+00)	Acc@1  53.91 ( 69.81)	Acc@5  77.34 ( 89.01)
[2023-03-14_19-52-21] Test: [340/391]	Time  0.122 ( 0.245)	Loss 1.2273e+00 (1.2469e+00)	Acc@1  68.75 ( 69.65)	Acc@5  91.41 ( 88.93)
[2023-03-14_19-52-23] Test: [350/391]	Time  0.100 ( 0.241)	Loss 1.3977e+00 (1.2532e+00)	Acc@1  65.62 ( 69.52)	Acc@5  87.50 ( 88.81)
[2023-03-14_19-52-24] Test: [360/391]	Time  0.104 ( 0.237)	Loss 1.8018e+00 (1.2639e+00)	Acc@1  56.25 ( 69.31)	Acc@5  88.28 ( 88.71)
[2023-03-14_19-52-25] Test: [370/391]	Time  0.103 ( 0.234)	Loss 1.1631e+00 (1.2582e+00)	Acc@1  64.84 ( 69.38)	Acc@5  93.75 ( 88.81)
[2023-03-14_19-52-26] Test: [380/391]	Time  0.103 ( 0.231)	Loss 9.7741e-01 (1.2598e+00)	Acc@1  75.78 ( 69.35)	Acc@5  95.31 ( 88.77)
[2023-03-14_19-52-27] Test: [390/391]	Time  0.109 ( 0.228)	Loss 2.5043e+00 (1.2531e+00)	Acc@1  41.25 ( 69.49)	Acc@5  76.25 ( 88.87)
[2023-03-14_19-52-27]  * Acc@1 69.492 Acc@5 88.870
