[2023-03-14_19-56-27] main.py -a resnet18_imagenet --action QUANTIZE --is_float true --man 5 --exp 5

[2023-03-14_19-56-27] desc=None, x_bits=None, w_bits=None, is_float=True, exp=5, man=5
[2023-03-14_19-56-27] __init__: arch=resnet18, dataset=imagenet, model_chkp=None, pretrained=True
[2023-03-14_19-56-36] train_pred: epochs=1, lr=0, lr_plan=None, momentum=0.9, wd=0.0005, batch_size=128, optimizer=SGD
[2023-03-14_19-56-36] lr=0, running train steps with no_grad()
[2023-03-14_19-56-45] Epoch: [0][   0/9375]	Time  9.069 ( 9.069)	Data  8.478 ( 8.478)	Loss 1.2190e+00 (1.2190e+00)	Acc@1  66.41 ( 66.41)	Acc@5  90.62 ( 90.62)
[2023-03-14_19-56-48] Epoch: [0][  10/9375]	Time  0.242 ( 1.114)	Data  0.001 ( 0.837)	Loss 1.2752e+00 (1.3170e+00)	Acc@1  70.31 ( 68.39)	Acc@5  90.62 ( 87.86)
[2023-03-14_19-56-58] Test: [  0/391]	Time  6.574 ( 6.574)	Loss 6.0639e-01 (6.0639e-01)	Acc@1  82.81 ( 82.81)	Acc@5  95.31 ( 95.31)
[2023-03-14_19-57-03] Test: [ 10/391]	Time  0.189 ( 1.037)	Loss 9.4138e-01 (6.1078e-01)	Acc@1  75.78 ( 84.73)	Acc@5  95.31 ( 95.45)
[2023-03-14_19-57-05] Test: [ 20/391]	Time  0.295 ( 0.672)	Loss 8.5162e-01 (8.4920e-01)	Acc@1  80.47 ( 78.68)	Acc@5  91.41 ( 93.27)
[2023-03-14_19-57-08] Test: [ 30/391]	Time  0.243 ( 0.526)	Loss 1.4052e+00 (1.0062e+00)	Acc@1  73.44 ( 74.24)	Acc@5  88.28 ( 91.96)
[2023-03-14_19-57-10] Test: [ 40/391]	Time  0.214 ( 0.459)	Loss 8.9717e-01 (9.1146e-01)	Acc@1  79.69 ( 76.75)	Acc@5  92.19 ( 92.70)
[2023-03-14_19-57-12] Test: [ 50/391]	Time  0.107 ( 0.411)	Loss 4.1243e-01 (9.3018e-01)	Acc@1  87.50 ( 76.50)	Acc@5  98.44 ( 92.40)
[2023-03-14_19-57-14] Test: [ 60/391]	Time  0.233 ( 0.372)	Loss 9.5831e-01 (8.7143e-01)	Acc@1  77.34 ( 77.89)	Acc@5  90.62 ( 92.89)
[2023-03-14_19-57-16] Test: [ 70/391]	Time  0.145 ( 0.350)	Loss 9.6932e-01 (9.0160e-01)	Acc@1  70.31 ( 76.95)	Acc@5  96.09 ( 92.87)
[2023-03-14_19-57-18] Test: [ 80/391]	Time  0.136 ( 0.328)	Loss 8.9633e-01 (9.1498e-01)	Acc@1  71.88 ( 76.25)	Acc@5  96.09 ( 93.03)
[2023-03-14_19-57-20] Test: [ 90/391]	Time  0.260 ( 0.312)	Loss 1.0927e+00 (9.1772e-01)	Acc@1  63.28 ( 76.09)	Acc@5  94.53 ( 93.09)
[2023-03-14_19-57-22] Test: [100/391]	Time  0.172 ( 0.302)	Loss 7.7566e-01 (9.1240e-01)	Acc@1  80.47 ( 75.90)	Acc@5  95.31 ( 93.32)
[2023-03-14_19-57-24] Test: [110/391]	Time  0.281 ( 0.293)	Loss 1.2024e+00 (9.1704e-01)	Acc@1  52.34 ( 75.56)	Acc@5  92.19 ( 93.40)
[2023-03-14_19-57-26] Test: [120/391]	Time  0.189 ( 0.283)	Loss 7.6672e-01 (9.1418e-01)	Acc@1  80.47 ( 75.87)	Acc@5  96.88 ( 93.49)
[2023-03-14_19-57-27] Test: [130/391]	Time  0.173 ( 0.275)	Loss 3.9801e-01 (9.0460e-01)	Acc@1  92.97 ( 76.26)	Acc@5  96.88 ( 93.57)
[2023-03-14_19-57-29] Test: [140/391]	Time  0.166 ( 0.266)	Loss 9.9350e-01 (9.0316e-01)	Acc@1  71.88 ( 76.24)	Acc@5  96.09 ( 93.63)
[2023-03-14_19-57-30] Test: [150/391]	Time  0.131 ( 0.258)	Loss 7.8812e-01 (9.0636e-01)	Acc@1  70.31 ( 76.19)	Acc@5  93.75 ( 93.53)
[2023-03-14_19-57-32] Test: [160/391]	Time  0.222 ( 0.254)	Loss 9.0015e-01 (9.1379e-01)	Acc@1  77.34 ( 76.21)	Acc@5  92.19 ( 93.39)
[2023-03-14_19-57-34] Test: [170/391]	Time  0.195 ( 0.250)	Loss 1.7291e+00 (9.4801e-01)	Acc@1  55.47 ( 75.52)	Acc@5  85.94 ( 92.98)
[2023-03-14_19-57-36] Test: [180/391]	Time  0.182 ( 0.246)	Loss 2.1080e+00 (9.8030e-01)	Acc@1  49.22 ( 74.89)	Acc@5  82.81 ( 92.56)
[2023-03-14_19-57-38] Test: [190/391]	Time  0.116 ( 0.244)	Loss 2.0455e+00 (1.0144e+00)	Acc@1  54.69 ( 74.19)	Acc@5  82.81 ( 92.14)
[2023-03-14_19-57-40] Test: [200/391]	Time  0.110 ( 0.242)	Loss 1.1833e+00 (1.0455e+00)	Acc@1  66.41 ( 73.59)	Acc@5  89.84 ( 91.76)
[2023-03-14_19-57-42] Test: [210/391]	Time  0.239 ( 0.239)	Loss 1.4881e+00 (1.0658e+00)	Acc@1  69.53 ( 73.17)	Acc@5  84.38 ( 91.53)
[2023-03-14_19-57-43] Test: [220/391]	Time  0.153 ( 0.236)	Loss 6.9480e-01 (1.0768e+00)	Acc@1  82.81 ( 72.97)	Acc@5  94.53 ( 91.32)
[2023-03-14_19-57-45] Test: [230/391]	Time  0.131 ( 0.233)	Loss 2.0049e+00 (1.0902e+00)	Acc@1  52.34 ( 72.75)	Acc@5  79.69 ( 91.12)
[2023-03-14_19-57-47] Test: [240/391]	Time  0.222 ( 0.231)	Loss 1.2606e+00 (1.0981e+00)	Acc@1  73.44 ( 72.70)	Acc@5  86.72 ( 90.96)
[2023-03-14_19-57-49] Test: [250/391]	Time  0.109 ( 0.229)	Loss 8.2119e-01 (1.1251e+00)	Acc@1  75.00 ( 72.04)	Acc@5  92.97 ( 90.61)
[2023-03-14_19-57-50] Test: [260/391]	Time  0.172 ( 0.227)	Loss 1.4285e+00 (1.1451e+00)	Acc@1  61.72 ( 71.63)	Acc@5  89.84 ( 90.40)
[2023-03-14_19-57-52] Test: [270/391]	Time  0.182 ( 0.226)	Loss 1.9776e+00 (1.1546e+00)	Acc@1  53.91 ( 71.45)	Acc@5  87.50 ( 90.28)
[2023-03-14_19-57-54] Test: [280/391]	Time  0.126 ( 0.223)	Loss 1.2273e+00 (1.1616e+00)	Acc@1  64.84 ( 71.31)	Acc@5  91.41 ( 90.23)
[2023-03-14_19-57-56] Test: [290/391]	Time  0.194 ( 0.222)	Loss 1.8821e+00 (1.1764e+00)	Acc@1  48.44 ( 71.04)	Acc@5  82.03 ( 89.98)
[2023-03-14_19-57-58] Test: [300/391]	Time  0.219 ( 0.220)	Loss 1.2796e+00 (1.1881e+00)	Acc@1  76.56 ( 70.84)	Acc@5  87.50 ( 89.80)
[2023-03-14_19-57-59] Test: [310/391]	Time  0.192 ( 0.219)	Loss 1.6692e+00 (1.1978e+00)	Acc@1  65.62 ( 70.68)	Acc@5  84.38 ( 89.66)
[2023-03-14_19-58-01] Test: [320/391]	Time  0.150 ( 0.217)	Loss 8.2317e-01 (1.2074e+00)	Acc@1  84.38 ( 70.55)	Acc@5  92.97 ( 89.55)
[2023-03-14_19-58-03] Test: [330/391]	Time  0.134 ( 0.216)	Loss 2.0415e+00 (1.2254e+00)	Acc@1  54.69 ( 70.16)	Acc@5  78.12 ( 89.30)
[2023-03-14_19-58-04] Test: [340/391]	Time  0.107 ( 0.214)	Loss 1.1811e+00 (1.2320e+00)	Acc@1  70.31 ( 70.02)	Acc@5  91.41 ( 89.22)
[2023-03-14_19-58-05] Test: [350/391]	Time  0.101 ( 0.211)	Loss 1.4038e+00 (1.2380e+00)	Acc@1  64.84 ( 69.89)	Acc@5  89.06 ( 89.11)
[2023-03-14_19-58-06] Test: [360/391]	Time  0.101 ( 0.208)	Loss 1.7673e+00 (1.2488e+00)	Acc@1  54.69 ( 69.67)	Acc@5  89.06 ( 89.02)
[2023-03-14_19-58-07] Test: [370/391]	Time  0.101 ( 0.205)	Loss 1.1022e+00 (1.2427e+00)	Acc@1  64.06 ( 69.75)	Acc@5  94.53 ( 89.11)
[2023-03-14_19-58-08] Test: [380/391]	Time  0.103 ( 0.203)	Loss 9.5309e-01 (1.2441e+00)	Acc@1  75.00 ( 69.70)	Acc@5  95.31 ( 89.08)
[2023-03-14_19-58-09] Test: [390/391]	Time  0.085 ( 0.200)	Loss 2.4274e+00 (1.2377e+00)	Acc@1  38.75 ( 69.83)	Acc@5  78.75 ( 89.17)
[2023-03-14_19-58-10]  * Acc@1 69.834 Acc@5 89.166
