[2023-03-16_08-43-22] ./main.py -a resnet18_imagenet --action QUANTIZE --is_float True --exp 9 --man 6

[2023-03-16_08-43-22] desc=None, x_bits=None, w_bits=None, is_float=True, exp=9, man=6
[2023-03-16_08-43-22] __init__: arch=resnet18, dataset=imagenet, model_chkp=None, pretrained=True
[2023-03-16_08-43-25] train_pred: epochs=1, lr=0, lr_plan=None, momentum=0.9, wd=0.0005, batch_size=128, optimizer=SGD
[2023-03-16_08-43-25] lr=0, running train steps with no_grad()
[2023-03-16_08-43-31] Epoch: [0][   0/9375]	Time  6.133 ( 6.133)	Data  5.757 ( 5.757)	Loss 1.2138e+00 (1.2138e+00)	Acc@1  67.19 ( 67.19)	Acc@5  90.62 ( 90.62)
[2023-03-16_08-43-34] Epoch: [0][  10/9375]	Time  0.293 ( 0.820)	Data  0.027 ( 0.621)	Loss 1.2705e+00 (1.3142e+00)	Acc@1  71.09 ( 68.47)	Acc@5  89.84 ( 87.93)
[2023-03-16_08-43-44] Test: [  0/391]	Time  7.794 ( 7.794)	Loss 5.9892e-01 (5.9892e-01)	Acc@1  84.38 ( 84.38)	Acc@5  95.31 ( 95.31)
[2023-03-16_08-43-47] Test: [ 10/391]	Time  0.116 ( 0.971)	Loss 9.3876e-01 (6.0874e-01)	Acc@1  75.78 ( 84.94)	Acc@5  95.31 ( 95.38)
[2023-03-16_08-43-49] Test: [ 20/391]	Time  0.214 ( 0.590)	Loss 8.5190e-01 (8.4682e-01)	Acc@1  81.25 ( 78.79)	Acc@5  91.41 ( 93.19)
[2023-03-16_08-43-51] Test: [ 30/391]	Time  0.150 ( 0.453)	Loss 1.3980e+00 (1.0035e+00)	Acc@1  74.22 ( 74.37)	Acc@5  88.28 ( 91.89)
[2023-03-16_08-43-52] Test: [ 40/391]	Time  0.127 ( 0.386)	Loss 8.9161e-01 (9.0850e-01)	Acc@1  80.47 ( 76.85)	Acc@5  92.19 ( 92.64)
[2023-03-16_08-43-53] Test: [ 50/391]	Time  0.074 ( 0.331)	Loss 4.1175e-01 (9.2718e-01)	Acc@1  87.50 ( 76.61)	Acc@5  98.44 ( 92.36)
[2023-03-16_08-43-54] Test: [ 60/391]	Time  0.150 ( 0.292)	Loss 9.6499e-01 (8.6907e-01)	Acc@1  77.34 ( 77.98)	Acc@5  90.62 ( 92.84)
[2023-03-16_08-43-56] Test: [ 70/391]	Time  0.115 ( 0.277)	Loss 9.6489e-01 (8.9993e-01)	Acc@1  70.31 ( 76.97)	Acc@5  96.09 ( 92.79)
[2023-03-16_08-43-57] Test: [ 80/391]	Time  0.231 ( 0.256)	Loss 8.8873e-01 (9.1349e-01)	Acc@1  71.88 ( 76.26)	Acc@5  96.09 ( 92.99)
[2023-03-16_08-43-59] Test: [ 90/391]	Time  0.179 ( 0.243)	Loss 1.0934e+00 (9.1622e-01)	Acc@1  63.28 ( 76.12)	Acc@5  94.53 ( 93.05)
[2023-03-16_08-44-01] Test: [100/391]	Time  0.206 ( 0.238)	Loss 7.6242e-01 (9.1078e-01)	Acc@1  80.47 ( 75.92)	Acc@5  95.31 ( 93.27)
[2023-03-16_08-44-02] Test: [110/391]	Time  0.078 ( 0.226)	Loss 1.1952e+00 (9.1545e-01)	Acc@1  53.12 ( 75.59)	Acc@5  92.19 ( 93.36)
[2023-03-16_08-44-03] Test: [120/391]	Time  0.242 ( 0.217)	Loss 7.6828e-01 (9.1275e-01)	Acc@1  80.47 ( 75.90)	Acc@5  96.88 ( 93.46)
[2023-03-16_08-44-05] Test: [130/391]	Time  0.110 ( 0.214)	Loss 3.9807e-01 (9.0299e-01)	Acc@1  92.97 ( 76.27)	Acc@5  96.88 ( 93.54)
[2023-03-16_08-44-06] Test: [140/391]	Time  0.215 ( 0.210)	Loss 1.0001e+00 (9.0197e-01)	Acc@1  71.09 ( 76.24)	Acc@5  96.09 ( 93.61)
[2023-03-16_08-44-08] Test: [150/391]	Time  0.108 ( 0.207)	Loss 7.9202e-01 (9.0511e-01)	Acc@1  71.09 ( 76.21)	Acc@5  93.75 ( 93.52)
[2023-03-16_08-44-09] Test: [160/391]	Time  0.165 ( 0.200)	Loss 8.9666e-01 (9.1250e-01)	Acc@1  78.12 ( 76.25)	Acc@5  92.19 ( 93.37)
[2023-03-16_08-44-10] Test: [170/391]	Time  0.229 ( 0.196)	Loss 1.7376e+00 (9.4682e-01)	Acc@1  54.69 ( 75.54)	Acc@5  85.16 ( 92.96)
[2023-03-16_08-44-11] Test: [180/391]	Time  0.073 ( 0.191)	Loss 2.1080e+00 (9.7913e-01)	Acc@1  49.22 ( 74.90)	Acc@5  82.81 ( 92.52)
[2023-03-16_08-44-12] Test: [190/391]	Time  0.093 ( 0.186)	Loss 2.0375e+00 (1.0132e+00)	Acc@1  54.69 ( 74.21)	Acc@5  82.03 ( 92.08)
[2023-03-16_08-44-16] Test: [200/391]	Time  0.157 ( 0.195)	Loss 1.1910e+00 (1.0446e+00)	Acc@1  64.84 ( 73.60)	Acc@5  89.84 ( 91.69)
[2023-03-16_08-44-17] Test: [210/391]	Time  0.124 ( 0.192)	Loss 1.4973e+00 (1.0649e+00)	Acc@1  69.53 ( 73.18)	Acc@5  84.38 ( 91.45)
[2023-03-16_08-44-18] Test: [220/391]	Time  0.073 ( 0.187)	Loss 6.8368e-01 (1.0757e+00)	Acc@1  82.81 ( 72.99)	Acc@5  94.53 ( 91.24)
[2023-03-16_08-44-20] Test: [230/391]	Time  0.132 ( 0.187)	Loss 2.0033e+00 (1.0893e+00)	Acc@1  52.34 ( 72.78)	Acc@5  78.91 ( 91.04)
[2023-03-16_08-44-22] Test: [240/391]	Time  0.551 ( 0.187)	Loss 1.2640e+00 (1.0971e+00)	Acc@1  72.66 ( 72.72)	Acc@5  86.72 ( 90.89)
[2023-03-16_08-44-23] Test: [250/391]	Time  0.074 ( 0.186)	Loss 8.2412e-01 (1.1240e+00)	Acc@1  74.22 ( 72.07)	Acc@5  92.19 ( 90.55)
[2023-03-16_08-44-25] Test: [260/391]	Time  0.108 ( 0.185)	Loss 1.4305e+00 (1.1440e+00)	Acc@1  63.28 ( 71.66)	Acc@5  89.84 ( 90.33)
[2023-03-16_08-44-27] Test: [270/391]	Time  0.126 ( 0.186)	Loss 1.9697e+00 (1.1538e+00)	Acc@1  53.12 ( 71.47)	Acc@5  86.72 ( 90.21)
[2023-03-16_08-44-29] Test: [280/391]	Time  0.167 ( 0.185)	Loss 1.2184e+00 (1.1606e+00)	Acc@1  64.84 ( 71.34)	Acc@5  90.62 ( 90.17)
[2023-03-16_08-44-30] Test: [290/391]	Time  0.113 ( 0.184)	Loss 1.8716e+00 (1.1754e+00)	Acc@1  48.44 ( 71.06)	Acc@5  82.03 ( 89.91)
[2023-03-16_08-44-32] Test: [300/391]	Time  0.174 ( 0.184)	Loss 1.2851e+00 (1.1871e+00)	Acc@1  76.56 ( 70.87)	Acc@5  87.50 ( 89.73)
[2023-03-16_08-44-33] Test: [310/391]	Time  0.081 ( 0.183)	Loss 1.6761e+00 (1.1968e+00)	Acc@1  65.62 ( 70.71)	Acc@5  84.38 ( 89.60)
[2023-03-16_08-44-35] Test: [320/391]	Time  0.180 ( 0.181)	Loss 8.2454e-01 (1.2064e+00)	Acc@1  84.38 ( 70.58)	Acc@5  92.19 ( 89.49)
[2023-03-16_08-44-36] Test: [330/391]	Time  0.119 ( 0.181)	Loss 2.0366e+00 (1.2245e+00)	Acc@1  53.91 ( 70.18)	Acc@5  77.34 ( 89.24)
[2023-03-16_08-44-37] Test: [340/391]	Time  0.078 ( 0.178)	Loss 1.1830e+00 (1.2311e+00)	Acc@1  71.09 ( 70.04)	Acc@5  91.41 ( 89.16)
[2023-03-16_08-44-38] Test: [350/391]	Time  0.074 ( 0.175)	Loss 1.4147e+00 (1.2371e+00)	Acc@1  65.62 ( 69.90)	Acc@5  89.06 ( 89.05)
[2023-03-16_08-44-39] Test: [360/391]	Time  0.074 ( 0.172)	Loss 1.7523e+00 (1.2480e+00)	Acc@1  55.47 ( 69.69)	Acc@5  89.06 ( 88.95)
[2023-03-16_08-44-39] Test: [370/391]	Time  0.074 ( 0.169)	Loss 1.0959e+00 (1.2419e+00)	Acc@1  64.84 ( 69.77)	Acc@5  94.53 ( 89.05)
[2023-03-16_08-44-40] Test: [380/391]	Time  0.074 ( 0.167)	Loss 9.4593e-01 (1.2433e+00)	Acc@1  75.00 ( 69.73)	Acc@5  95.31 ( 89.03)
[2023-03-16_08-44-41] Test: [390/391]	Time  0.048 ( 0.164)	Loss 2.4094e+00 (1.2369e+00)	Acc@1  41.25 ( 69.87)	Acc@5  78.75 ( 89.11)
[2023-03-16_08-44-41]  * Acc@1 69.866 Acc@5 89.110
