[2023-03-16_09-11-01] ./main.py -a resnet18_imagenet --action QUANTIZE --is_float True --exp 1 --man 2

[2023-03-16_09-11-01] desc=None, x_bits=None, w_bits=None, is_float=True, exp=1, man=2
[2023-03-16_09-11-01] __init__: arch=resnet18, dataset=imagenet, model_chkp=None, pretrained=True
[2023-03-16_09-11-04] train_pred: epochs=1, lr=0, lr_plan=None, momentum=0.9, wd=0.0005, batch_size=128, optimizer=SGD
[2023-03-16_09-11-04] lr=0, running train steps with no_grad()
[2023-03-16_09-11-09] Epoch: [0][   0/9375]	Time  5.186 ( 5.186)	Data  4.638 ( 4.638)	Loss 7.3051e+00 (7.3051e+00)	Acc@1   0.00 (  0.00)	Acc@5   0.78 (  0.78)
[2023-03-16_09-11-13] Epoch: [0][  10/9375]	Time  0.130 ( 0.880)	Data  0.001 ( 0.684)	Loss 7.3349e+00 (7.2665e+00)	Acc@1   0.00 (  0.00)	Acc@5   0.00 (  0.50)
[2023-03-16_09-11-23] Test: [  0/391]	Time  7.355 ( 7.355)	Loss 1.9008e+01 (1.9008e+01)	Acc@1   0.00 (  0.00)	Acc@5   0.00 (  0.00)
[2023-03-16_09-11-25] Test: [ 10/391]	Time  0.224 ( 0.816)	Loss 2.6455e+01 (1.9182e+01)	Acc@1   0.00 (  0.00)	Acc@5   0.00 (  0.07)
[2023-03-16_09-11-26] Test: [ 20/391]	Time  0.320 ( 0.499)	Loss 4.0940e+01 (1.9664e+01)	Acc@1   0.00 (  0.00)	Acc@5   0.00 (  0.04)
[2023-03-16_09-11-28] Test: [ 30/391]	Time  0.388 ( 0.408)	Loss 1.1707e+01 (1.9293e+01)	Acc@1   0.00 (  0.00)	Acc@5   0.00 (  1.44)
[2023-03-16_09-11-30] Test: [ 40/391]	Time  0.124 ( 0.348)	Loss 1.9842e+01 (1.9756e+01)	Acc@1   0.00 (  0.00)	Acc@5   0.00 (  1.09)
[2023-03-16_09-11-32] Test: [ 50/391]	Time  0.205 ( 0.322)	Loss 1.5388e+01 (1.9433e+01)	Acc@1   0.00 (  0.14)	Acc@5   0.00 (  1.15)
[2023-03-16_09-11-33] Test: [ 60/391]	Time  0.196 ( 0.292)	Loss 1.2377e+01 (1.9753e+01)	Acc@1   0.00 (  0.12)	Acc@5   0.00 (  0.96)
[2023-03-16_09-11-35] Test: [ 70/391]	Time  0.079 ( 0.267)	Loss 1.2168e+01 (1.9059e+01)	Acc@1   0.00 (  0.10)	Acc@5   0.00 (  0.83)
[2023-03-16_09-11-36] Test: [ 80/391]	Time  0.120 ( 0.250)	Loss 2.3753e+01 (1.8564e+01)	Acc@1   0.00 (  0.14)	Acc@5   0.00 (  1.19)
[2023-03-16_09-11-37] Test: [ 90/391]	Time  0.237 ( 0.239)	Loss 1.9717e+01 (1.8135e+01)	Acc@1   0.00 (  0.13)	Acc@5   0.00 (  1.27)
[2023-03-16_09-11-39] Test: [100/391]	Time  0.087 ( 0.231)	Loss 1.3141e+01 (1.7916e+01)	Acc@1   0.00 (  0.12)	Acc@5   0.00 (  1.14)
[2023-03-16_09-11-41] Test: [110/391]	Time  0.254 ( 0.226)	Loss 1.1246e+01 (1.8097e+01)	Acc@1   0.00 (  0.11)	Acc@5   0.00 (  1.04)
[2023-03-16_09-11-42] Test: [120/391]	Time  0.113 ( 0.220)	Loss 2.3210e+01 (1.8216e+01)	Acc@1   0.00 (  0.10)	Acc@5   0.00 (  0.96)
[2023-03-16_09-11-43] Test: [130/391]	Time  0.100 ( 0.210)	Loss 2.0772e+01 (1.8386e+01)	Acc@1   0.00 (  0.09)	Acc@5   0.00 (  0.88)
[2023-03-16_09-11-44] Test: [140/391]	Time  0.138 ( 0.203)	Loss 2.1400e+01 (1.8486e+01)	Acc@1   0.00 (  0.08)	Acc@5   0.00 (  0.82)
[2023-03-16_09-11-47] Test: [150/391]	Time  0.225 ( 0.205)	Loss 1.9074e+01 (1.8670e+01)	Acc@1   0.00 (  0.08)	Acc@5   0.00 (  0.77)
[2023-03-16_09-11-48] Test: [160/391]	Time  0.445 ( 0.202)	Loss 1.4500e+01 (1.8574e+01)	Acc@1   0.00 (  0.07)	Acc@5   0.00 (  0.72)
[2023-03-16_09-11-50] Test: [170/391]	Time  0.196 ( 0.200)	Loss 1.3351e+01 (1.8392e+01)	Acc@1   0.00 (  0.07)	Acc@5   0.00 (  0.68)
[2023-03-16_09-11-52] Test: [180/391]	Time  0.222 ( 0.199)	Loss 1.3543e+01 (1.8200e+01)	Acc@1   0.00 (  0.06)	Acc@5   0.00 (  0.64)
[2023-03-16_09-11-54] Test: [190/391]	Time  0.217 ( 0.200)	Loss 8.0941e+00 (1.8072e+01)	Acc@1   0.00 (  0.07)	Acc@5   0.00 (  0.65)
[2023-03-16_09-11-55] Test: [200/391]	Time  0.146 ( 0.197)	Loss 9.3027e+00 (1.7987e+01)	Acc@1   0.00 (  0.06)	Acc@5   0.00 (  0.61)
[2023-03-16_09-11-57] Test: [210/391]	Time  0.076 ( 0.196)	Loss 1.5583e+01 (1.7927e+01)	Acc@1   0.00 (  0.06)	Acc@5   0.00 (  0.59)
[2023-03-16_09-11-59] Test: [220/391]	Time  0.114 ( 0.194)	Loss 1.4830e+01 (1.7753e+01)	Acc@1   0.00 (  0.06)	Acc@5   0.00 (  0.56)
[2023-03-16_09-12-00] Test: [230/391]	Time  0.075 ( 0.190)	Loss 1.5115e+01 (1.7626e+01)	Acc@1   0.00 (  0.05)	Acc@5   0.00 (  0.54)
[2023-03-16_09-12-01] Test: [240/391]	Time  0.196 ( 0.189)	Loss 1.6549e+01 (1.7575e+01)	Acc@1   0.00 (  0.05)	Acc@5   0.00 (  0.53)
[2023-03-16_09-12-03] Test: [250/391]	Time  0.227 ( 0.190)	Loss 1.4572e+01 (1.7437e+01)	Acc@1   0.00 (  0.05)	Acc@5  10.16 (  0.56)
[2023-03-16_09-12-05] Test: [260/391]	Time  0.164 ( 0.190)	Loss 1.3287e+01 (1.7346e+01)	Acc@1   0.00 (  0.05)	Acc@5   0.00 (  0.54)
[2023-03-16_09-12-06] Test: [270/391]	Time  0.124 ( 0.187)	Loss 1.5117e+01 (1.7377e+01)	Acc@1   0.00 (  0.17)	Acc@5   3.12 (  0.67)
[2023-03-16_09-12-08] Test: [280/391]	Time  0.191 ( 0.186)	Loss 2.0113e+01 (1.7261e+01)	Acc@1   0.00 (  0.17)	Acc@5   0.00 (  0.66)
[2023-03-16_09-12-10] Test: [290/391]	Time  0.159 ( 0.185)	Loss 2.3759e+01 (1.7280e+01)	Acc@1   0.00 (  0.16)	Acc@5   0.00 (  0.64)
[2023-03-16_09-12-11] Test: [300/391]	Time  0.132 ( 0.184)	Loss 1.4201e+01 (1.7186e+01)	Acc@1   0.00 (  0.16)	Acc@5   0.00 (  0.71)
[2023-03-16_09-12-12] Test: [310/391]	Time  0.151 ( 0.183)	Loss 1.0961e+01 (1.7167e+01)	Acc@1   0.00 (  0.15)	Acc@5   0.00 (  0.69)
[2023-03-16_09-12-14] Test: [320/391]	Time  0.072 ( 0.181)	Loss 2.1869e+01 (1.7140e+01)	Acc@1   0.00 (  0.15)	Acc@5   0.00 (  0.67)
[2023-03-16_09-12-15] Test: [330/391]	Time  0.143 ( 0.179)	Loss 9.0564e+00 (1.7092e+01)	Acc@1   0.00 (  0.14)	Acc@5   0.00 (  0.67)
[2023-03-16_09-12-16] Test: [340/391]	Time  0.074 ( 0.176)	Loss 2.0589e+01 (1.7109e+01)	Acc@1   0.00 (  0.14)	Acc@5   0.00 (  0.65)
[2023-03-16_09-12-17] Test: [350/391]	Time  0.072 ( 0.174)	Loss 1.4357e+01 (1.7106e+01)	Acc@1   0.00 (  0.14)	Acc@5   0.00 (  0.63)
[2023-03-16_09-12-17] Test: [360/391]	Time  0.073 ( 0.171)	Loss 1.2218e+01 (1.7046e+01)	Acc@1   0.00 (  0.13)	Acc@5   0.00 (  0.61)
[2023-03-16_09-12-18] Test: [370/391]	Time  0.073 ( 0.168)	Loss 1.5193e+01 (1.7002e+01)	Acc@1   0.00 (  0.13)	Acc@5   0.00 (  0.60)
[2023-03-16_09-12-19] Test: [380/391]	Time  0.073 ( 0.166)	Loss 1.8422e+01 (1.7005e+01)	Acc@1   0.00 (  0.13)	Acc@5   0.00 (  0.58)
[2023-03-16_09-12-19] Test: [390/391]	Time  0.047 ( 0.163)	Loss 1.1871e+01 (1.7071e+01)	Acc@1   0.00 (  0.12)	Acc@5   0.00 (  0.57)
[2023-03-16_09-12-20]  * Acc@1 0.122 Acc@5 0.566
