[2023-03-16_09-04-13] ./main.py -a resnet18_imagenet --action QUANTIZE --is_float True --exp 11 --man 4

[2023-03-16_09-04-13] desc=None, x_bits=None, w_bits=None, is_float=True, exp=11, man=4
[2023-03-16_09-04-13] __init__: arch=resnet18, dataset=imagenet, model_chkp=None, pretrained=True
[2023-03-16_09-04-16] train_pred: epochs=1, lr=0, lr_plan=None, momentum=0.9, wd=0.0005, batch_size=128, optimizer=SGD
[2023-03-16_09-04-16] lr=0, running train steps with no_grad()
[2023-03-16_09-04-22] Epoch: [0][   0/9375]	Time  6.325 ( 6.325)	Data  6.153 ( 6.153)	Loss 1.2272e+00 (1.2272e+00)	Acc@1  67.97 ( 67.97)	Acc@5  89.84 ( 89.84)
[2023-03-16_09-04-24] Epoch: [0][  10/9375]	Time  0.140 ( 0.774)	Data  0.001 ( 0.625)	Loss 1.2760e+00 (1.3166e+00)	Acc@1  71.88 ( 68.61)	Acc@5  89.84 ( 87.71)
[2023-03-16_09-04-34] Test: [  0/391]	Time  6.518 ( 6.518)	Loss 5.9296e-01 (5.9296e-01)	Acc@1  84.38 ( 84.38)	Acc@5  95.31 ( 95.31)
[2023-03-16_09-04-36] Test: [ 10/391]	Time  0.085 ( 0.862)	Loss 9.4568e-01 (6.1465e-01)	Acc@1  76.56 ( 84.66)	Acc@5  95.31 ( 95.31)
[2023-03-16_09-04-38] Test: [ 20/391]	Time  0.201 ( 0.501)	Loss 8.5881e-01 (8.5451e-01)	Acc@1  80.47 ( 78.65)	Acc@5  91.41 ( 93.12)
[2023-03-16_09-04-40] Test: [ 30/391]	Time  0.233 ( 0.415)	Loss 1.4171e+00 (1.0129e+00)	Acc@1  73.44 ( 74.22)	Acc@5  89.06 ( 91.78)
[2023-03-16_09-04-41] Test: [ 40/391]	Time  0.072 ( 0.338)	Loss 9.3631e-01 (9.1673e-01)	Acc@1  78.91 ( 76.77)	Acc@5  91.41 ( 92.51)
[2023-03-16_09-04-42] Test: [ 50/391]	Time  0.237 ( 0.299)	Loss 4.1376e-01 (9.3472e-01)	Acc@1  86.72 ( 76.53)	Acc@5  98.44 ( 92.26)
[2023-03-16_09-04-44] Test: [ 60/391]	Time  0.213 ( 0.285)	Loss 9.6058e-01 (8.7495e-01)	Acc@1  79.69 ( 78.01)	Acc@5  90.62 ( 92.78)
[2023-03-16_09-04-46] Test: [ 70/391]	Time  0.228 ( 0.275)	Loss 9.6079e-01 (9.0619e-01)	Acc@1  70.31 ( 76.95)	Acc@5  96.09 ( 92.75)
[2023-03-16_09-04-48] Test: [ 80/391]	Time  0.250 ( 0.262)	Loss 8.8737e-01 (9.1885e-01)	Acc@1  72.66 ( 76.23)	Acc@5  96.09 ( 92.93)
[2023-03-16_09-04-50] Test: [ 90/391]	Time  0.169 ( 0.255)	Loss 1.0773e+00 (9.2181e-01)	Acc@1  64.06 ( 76.06)	Acc@5  94.53 ( 92.97)
[2023-03-16_09-04-52] Test: [100/391]	Time  0.084 ( 0.245)	Loss 7.7279e-01 (9.1620e-01)	Acc@1  80.47 ( 75.84)	Acc@5  95.31 ( 93.16)
[2023-03-16_09-04-53] Test: [110/391]	Time  0.132 ( 0.233)	Loss 1.2432e+00 (9.2140e-01)	Acc@1  53.91 ( 75.50)	Acc@5  92.19 ( 93.24)
[2023-03-16_09-04-55] Test: [120/391]	Time  0.320 ( 0.229)	Loss 7.6706e-01 (9.1856e-01)	Acc@1  81.25 ( 75.82)	Acc@5  96.09 ( 93.34)
[2023-03-16_09-04-56] Test: [130/391]	Time  0.126 ( 0.224)	Loss 4.0053e-01 (9.0911e-01)	Acc@1  92.97 ( 76.15)	Acc@5  96.88 ( 93.43)
[2023-03-16_09-04-58] Test: [140/391]	Time  0.183 ( 0.221)	Loss 9.9706e-01 (9.0736e-01)	Acc@1  70.31 ( 76.10)	Acc@5  95.31 ( 93.51)
[2023-03-16_09-05-00] Test: [150/391]	Time  0.141 ( 0.216)	Loss 7.8961e-01 (9.1071e-01)	Acc@1  71.88 ( 76.11)	Acc@5  94.53 ( 93.43)
[2023-03-16_09-05-01] Test: [160/391]	Time  0.186 ( 0.212)	Loss 9.1476e-01 (9.1815e-01)	Acc@1  77.34 ( 76.10)	Acc@5  92.19 ( 93.30)
[2023-03-16_09-05-03] Test: [170/391]	Time  0.150 ( 0.209)	Loss 1.7360e+00 (9.5277e-01)	Acc@1  57.03 ( 75.42)	Acc@5  85.94 ( 92.88)
[2023-03-16_09-05-04] Test: [180/391]	Time  0.194 ( 0.206)	Loss 2.1156e+00 (9.8540e-01)	Acc@1  48.44 ( 74.75)	Acc@5  82.81 ( 92.46)
[2023-03-16_09-05-06] Test: [190/391]	Time  0.133 ( 0.204)	Loss 2.0604e+00 (1.0195e+00)	Acc@1  53.91 ( 74.05)	Acc@5  82.03 ( 92.02)
[2023-03-16_09-05-08] Test: [200/391]	Time  0.186 ( 0.202)	Loss 1.1837e+00 (1.0503e+00)	Acc@1  67.19 ( 73.46)	Acc@5  90.62 ( 91.65)
[2023-03-16_09-05-09] Test: [210/391]	Time  0.190 ( 0.199)	Loss 1.4596e+00 (1.0705e+00)	Acc@1  70.31 ( 73.06)	Acc@5  85.16 ( 91.42)
[2023-03-16_09-05-11] Test: [220/391]	Time  0.099 ( 0.197)	Loss 6.9337e-01 (1.0812e+00)	Acc@1  82.81 ( 72.87)	Acc@5  94.53 ( 91.19)
[2023-03-16_09-05-12] Test: [230/391]	Time  0.180 ( 0.194)	Loss 2.0379e+00 (1.0946e+00)	Acc@1  50.00 ( 72.64)	Acc@5  78.91 ( 91.00)
[2023-03-16_09-05-13] Test: [240/391]	Time  0.142 ( 0.192)	Loss 1.2635e+00 (1.1024e+00)	Acc@1  71.88 ( 72.57)	Acc@5  87.50 ( 90.85)
[2023-03-16_09-05-15] Test: [250/391]	Time  0.214 ( 0.191)	Loss 8.2238e-01 (1.1295e+00)	Acc@1  74.22 ( 71.93)	Acc@5  92.19 ( 90.49)
[2023-03-16_09-05-16] Test: [260/391]	Time  0.115 ( 0.189)	Loss 1.4482e+00 (1.1493e+00)	Acc@1  60.94 ( 71.52)	Acc@5  88.28 ( 90.29)
[2023-03-16_09-05-18] Test: [270/391]	Time  0.119 ( 0.187)	Loss 1.9958e+00 (1.1590e+00)	Acc@1  51.56 ( 71.33)	Acc@5  86.72 ( 90.17)
[2023-03-16_09-05-19] Test: [280/391]	Time  0.181 ( 0.185)	Loss 1.2404e+00 (1.1661e+00)	Acc@1  65.62 ( 71.18)	Acc@5  89.84 ( 90.12)
[2023-03-16_09-05-21] Test: [290/391]	Time  0.190 ( 0.185)	Loss 1.9069e+00 (1.1808e+00)	Acc@1  47.66 ( 70.90)	Acc@5  82.03 ( 89.85)
[2023-03-16_09-05-22] Test: [300/391]	Time  0.135 ( 0.184)	Loss 1.2834e+00 (1.1922e+00)	Acc@1  76.56 ( 70.71)	Acc@5  88.28 ( 89.70)
[2023-03-16_09-05-24] Test: [310/391]	Time  0.181 ( 0.183)	Loss 1.6684e+00 (1.2016e+00)	Acc@1  63.28 ( 70.54)	Acc@5  85.16 ( 89.55)
[2023-03-16_09-05-25] Test: [320/391]	Time  0.138 ( 0.182)	Loss 8.1453e-01 (1.2113e+00)	Acc@1  82.81 ( 70.39)	Acc@5  92.97 ( 89.45)
[2023-03-16_09-05-27] Test: [330/391]	Time  0.097 ( 0.180)	Loss 2.0512e+00 (1.2289e+00)	Acc@1  53.91 ( 70.02)	Acc@5  77.34 ( 89.22)
[2023-03-16_09-05-27] Test: [340/391]	Time  0.074 ( 0.177)	Loss 1.1828e+00 (1.2355e+00)	Acc@1  70.31 ( 69.88)	Acc@5  91.41 ( 89.13)
[2023-03-16_09-05-28] Test: [350/391]	Time  0.073 ( 0.174)	Loss 1.4017e+00 (1.2414e+00)	Acc@1  67.19 ( 69.75)	Acc@5  89.84 ( 89.02)
[2023-03-16_09-05-29] Test: [360/391]	Time  0.073 ( 0.171)	Loss 1.8003e+00 (1.2524e+00)	Acc@1  53.91 ( 69.53)	Acc@5  89.06 ( 88.93)
[2023-03-16_09-05-30] Test: [370/391]	Time  0.073 ( 0.169)	Loss 1.1285e+00 (1.2465e+00)	Acc@1  64.84 ( 69.61)	Acc@5  93.75 ( 89.02)
[2023-03-16_09-05-30] Test: [380/391]	Time  0.073 ( 0.166)	Loss 9.6644e-01 (1.2479e+00)	Acc@1  74.22 ( 69.57)	Acc@5  95.31 ( 88.99)
[2023-03-16_09-05-31] Test: [390/391]	Time  0.048 ( 0.164)	Loss 2.4511e+00 (1.2416e+00)	Acc@1  38.75 ( 69.70)	Acc@5  78.75 ( 89.08)
[2023-03-16_09-05-31]  * Acc@1 69.698 Acc@5 89.076
