[2023-03-16_10-41-46] ./main.py -a resnet18_imagenet --action QUANTIZE --is_float True --exp 5 --man 10

[2023-03-16_10-41-46] desc=None, x_bits=None, w_bits=None, is_float=True, exp=5, man=10
[2023-03-16_10-41-46] __init__: arch=resnet18, dataset=imagenet, model_chkp=None, pretrained=True
[2023-03-16_10-41-49] train_pred: epochs=1, lr=0, lr_plan=None, momentum=0.9, wd=0.0005, batch_size=128, optimizer=SGD
[2023-03-16_10-41-49] lr=0, running train steps with no_grad()
[2023-03-16_10-41-55] Epoch: [0][   0/9375]	Time  6.144 ( 6.144)	Data  6.008 ( 6.008)	Loss 1.2149e+00 (1.2149e+00)	Acc@1  67.19 ( 67.19)	Acc@5  90.62 ( 90.62)
[2023-03-16_10-41-57] Epoch: [0][  10/9375]	Time  0.166 ( 0.775)	Data  0.006 ( 0.597)	Loss 1.2666e+00 (1.3144e+00)	Acc@1  71.09 ( 68.47)	Acc@5  89.84 ( 87.93)
[2023-03-16_10-42-08] Test: [  0/391]	Time  8.035 ( 8.035)	Loss 6.0021e-01 (6.0021e-01)	Acc@1  84.38 ( 84.38)	Acc@5  95.31 ( 95.31)
[2023-03-16_10-42-10] Test: [ 10/391]	Time  0.073 ( 0.861)	Loss 9.2905e-01 (6.0833e-01)	Acc@1  75.78 ( 84.87)	Acc@5  95.31 ( 95.31)
[2023-03-16_10-42-11] Test: [ 20/391]	Time  0.236 ( 0.535)	Loss 8.5529e-01 (8.4717e-01)	Acc@1  81.25 ( 78.79)	Acc@5  91.41 ( 93.08)
[2023-03-16_10-42-13] Test: [ 30/391]	Time  0.129 ( 0.410)	Loss 1.3937e+00 (1.0041e+00)	Acc@1  74.22 ( 74.42)	Acc@5  88.28 ( 91.81)
[2023-03-16_10-42-15] Test: [ 40/391]	Time  0.168 ( 0.353)	Loss 8.8745e-01 (9.0897e-01)	Acc@1  79.69 ( 76.87)	Acc@5  92.19 ( 92.59)
[2023-03-16_10-42-16] Test: [ 50/391]	Time  0.224 ( 0.310)	Loss 4.1425e-01 (9.2770e-01)	Acc@1  87.50 ( 76.61)	Acc@5  98.44 ( 92.33)
[2023-03-16_10-42-17] Test: [ 60/391]	Time  0.085 ( 0.283)	Loss 9.6458e-01 (8.6954e-01)	Acc@1  77.34 ( 77.98)	Acc@5  90.62 ( 92.82)
[2023-03-16_10-42-19] Test: [ 70/391]	Time  0.079 ( 0.260)	Loss 9.7229e-01 (9.0040e-01)	Acc@1  69.53 ( 77.00)	Acc@5  96.09 ( 92.77)
[2023-03-16_10-42-21] Test: [ 80/391]	Time  0.126 ( 0.263)	Loss 8.8751e-01 (9.1374e-01)	Acc@1  73.44 ( 76.31)	Acc@5  96.09 ( 92.96)
[2023-03-16_10-42-22] Test: [ 90/391]	Time  0.168 ( 0.245)	Loss 1.0868e+00 (9.1665e-01)	Acc@1  63.28 ( 76.17)	Acc@5  94.53 ( 93.02)
[2023-03-16_10-42-25] Test: [100/391]	Time  0.252 ( 0.242)	Loss 7.6456e-01 (9.1107e-01)	Acc@1  80.47 ( 75.98)	Acc@5  95.31 ( 93.23)
[2023-03-16_10-42-26] Test: [110/391]	Time  0.228 ( 0.236)	Loss 1.1910e+00 (9.1565e-01)	Acc@1  53.91 ( 75.62)	Acc@5  92.19 ( 93.31)
[2023-03-16_10-42-28] Test: [120/391]	Time  0.182 ( 0.229)	Loss 7.6868e-01 (9.1280e-01)	Acc@1  80.47 ( 75.94)	Acc@5  96.88 ( 93.42)
[2023-03-16_10-42-29] Test: [130/391]	Time  0.124 ( 0.223)	Loss 3.9506e-01 (9.0300e-01)	Acc@1  92.97 ( 76.33)	Acc@5  96.88 ( 93.52)
[2023-03-16_10-42-31] Test: [140/391]	Time  0.231 ( 0.218)	Loss 1.0031e+00 (9.0199e-01)	Acc@1  70.31 ( 76.28)	Acc@5  95.31 ( 93.58)
[2023-03-16_10-42-32] Test: [150/391]	Time  0.132 ( 0.213)	Loss 7.9070e-01 (9.0499e-01)	Acc@1  71.09 ( 76.24)	Acc@5  93.75 ( 93.50)
[2023-03-16_10-42-33] Test: [160/391]	Time  0.124 ( 0.206)	Loss 8.9843e-01 (9.1248e-01)	Acc@1  77.34 ( 76.26)	Acc@5  91.41 ( 93.35)
[2023-03-16_10-42-34] Test: [170/391]	Time  0.128 ( 0.200)	Loss 1.7357e+00 (9.4683e-01)	Acc@1  55.47 ( 75.53)	Acc@5  86.72 ( 92.95)
[2023-03-16_10-42-36] Test: [180/391]	Time  0.162 ( 0.199)	Loss 2.1037e+00 (9.7919e-01)	Acc@1  49.22 ( 74.89)	Acc@5  82.81 ( 92.50)
[2023-03-16_10-42-38] Test: [190/391]	Time  0.208 ( 0.197)	Loss 2.0393e+00 (1.0132e+00)	Acc@1  55.47 ( 74.21)	Acc@5  82.81 ( 92.08)
[2023-03-16_10-42-39] Test: [200/391]	Time  0.246 ( 0.195)	Loss 1.1949e+00 (1.0445e+00)	Acc@1  65.62 ( 73.59)	Acc@5  89.84 ( 91.69)
[2023-03-16_10-42-42] Test: [210/391]	Time  0.226 ( 0.197)	Loss 1.4940e+00 (1.0648e+00)	Acc@1  69.53 ( 73.16)	Acc@5  84.38 ( 91.47)
[2023-03-16_10-42-43] Test: [220/391]	Time  0.155 ( 0.195)	Loss 6.8324e-01 (1.0756e+00)	Acc@1  84.38 ( 72.97)	Acc@5  94.53 ( 91.26)
[2023-03-16_10-42-45] Test: [230/391]	Time  0.162 ( 0.194)	Loss 2.0072e+00 (1.0892e+00)	Acc@1  50.78 ( 72.75)	Acc@5  79.69 ( 91.06)
[2023-03-16_10-42-47] Test: [240/391]	Time  0.191 ( 0.193)	Loss 1.2673e+00 (1.0969e+00)	Acc@1  72.66 ( 72.68)	Acc@5  86.72 ( 90.92)
[2023-03-16_10-42-48] Test: [250/391]	Time  0.101 ( 0.192)	Loss 8.2697e-01 (1.1240e+00)	Acc@1  74.22 ( 72.03)	Acc@5  92.97 ( 90.57)
[2023-03-16_10-42-49] Test: [260/391]	Time  0.075 ( 0.187)	Loss 1.4377e+00 (1.1440e+00)	Acc@1  64.06 ( 71.62)	Acc@5  89.84 ( 90.35)
[2023-03-16_10-42-51] Test: [270/391]	Time  0.114 ( 0.187)	Loss 1.9806e+00 (1.1539e+00)	Acc@1  53.12 ( 71.44)	Acc@5  85.94 ( 90.23)
[2023-03-16_10-42-52] Test: [280/391]	Time  0.153 ( 0.185)	Loss 1.2192e+00 (1.1608e+00)	Acc@1  65.62 ( 71.32)	Acc@5  91.41 ( 90.19)
[2023-03-16_10-42-54] Test: [290/391]	Time  0.186 ( 0.184)	Loss 1.8619e+00 (1.1754e+00)	Acc@1  48.44 ( 71.04)	Acc@5  82.03 ( 89.92)
[2023-03-16_10-42-55] Test: [300/391]	Time  0.213 ( 0.184)	Loss 1.2900e+00 (1.1871e+00)	Acc@1  76.56 ( 70.84)	Acc@5  87.50 ( 89.76)
[2023-03-16_10-42-57] Test: [310/391]	Time  0.106 ( 0.183)	Loss 1.6734e+00 (1.1968e+00)	Acc@1  65.62 ( 70.68)	Acc@5  84.38 ( 89.62)
[2023-03-16_10-42-58] Test: [320/391]	Time  0.164 ( 0.181)	Loss 8.2339e-01 (1.2065e+00)	Acc@1  84.38 ( 70.54)	Acc@5  92.97 ( 89.51)
[2023-03-16_10-43-00] Test: [330/391]	Time  0.152 ( 0.180)	Loss 2.0421e+00 (1.2246e+00)	Acc@1  53.91 ( 70.14)	Acc@5  78.91 ( 89.26)
[2023-03-16_10-43-01] Test: [340/391]	Time  0.078 ( 0.178)	Loss 1.1842e+00 (1.2313e+00)	Acc@1  71.09 ( 70.00)	Acc@5  91.41 ( 89.18)
[2023-03-16_10-43-02] Test: [350/391]	Time  0.074 ( 0.175)	Loss 1.4119e+00 (1.2373e+00)	Acc@1  65.62 ( 69.88)	Acc@5  89.06 ( 89.06)
[2023-03-16_10-43-02] Test: [360/391]	Time  0.074 ( 0.172)	Loss 1.7502e+00 (1.2481e+00)	Acc@1  54.69 ( 69.66)	Acc@5  89.06 ( 88.96)
[2023-03-16_10-43-03] Test: [370/391]	Time  0.074 ( 0.169)	Loss 1.0914e+00 (1.2420e+00)	Acc@1  64.84 ( 69.74)	Acc@5  94.53 ( 89.05)
[2023-03-16_10-43-04] Test: [380/391]	Time  0.074 ( 0.167)	Loss 9.4856e-01 (1.2435e+00)	Acc@1  75.00 ( 69.69)	Acc@5  95.31 ( 89.03)
[2023-03-16_10-43-04] Test: [390/391]	Time  0.048 ( 0.164)	Loss 2.4071e+00 (1.2371e+00)	Acc@1  41.25 ( 69.82)	Acc@5  78.75 ( 89.11)
[2023-03-16_10-43-05]  * Acc@1 69.822 Acc@5 89.108
