[2023-03-16_10-25-54] ./main.py -a resnet18_imagenet --action QUANTIZE --is_float True --exp 2 --man 1

[2023-03-16_10-25-54] desc=None, x_bits=None, w_bits=None, is_float=True, exp=2, man=1
[2023-03-16_10-25-54] __init__: arch=resnet18, dataset=imagenet, model_chkp=None, pretrained=True
[2023-03-16_10-25-57] train_pred: epochs=1, lr=0, lr_plan=None, momentum=0.9, wd=0.0005, batch_size=128, optimizer=SGD
[2023-03-16_10-25-57] lr=0, running train steps with no_grad()
[2023-03-16_10-26-02] Epoch: [0][   0/9375]	Time  5.594 ( 5.594)	Data  5.232 ( 5.232)	Loss 7.2890e+00 (7.2890e+00)	Acc@1   0.00 (  0.00)	Acc@5   0.00 (  0.00)
[2023-03-16_10-26-05] Epoch: [0][  10/9375]	Time  0.345 ( 0.769)	Data  0.009 ( 0.495)	Loss 7.2933e+00 (7.2405e+00)	Acc@1   0.00 (  0.00)	Acc@5   0.00 (  0.14)
[2023-03-16_10-26-11] Test: [  0/391]	Time  3.146 ( 3.146)	Loss 2.4587e+01 (2.4587e+01)	Acc@1   0.00 (  0.00)	Acc@5   0.00 (  0.00)
[2023-03-16_10-26-17] Test: [ 10/391]	Time  0.190 ( 0.886)	Loss 2.3746e+01 (2.5958e+01)	Acc@1   0.00 (  0.00)	Acc@5   0.00 (  0.00)
[2023-03-16_10-26-19] Test: [ 20/391]	Time  0.070 ( 0.546)	Loss 4.3240e+01 (2.4397e+01)	Acc@1   0.00 (  0.00)	Acc@5   0.00 (  0.00)
[2023-03-16_10-26-20] Test: [ 30/391]	Time  0.231 ( 0.412)	Loss 1.1840e+01 (2.3805e+01)	Acc@1   0.00 (  0.00)	Acc@5   0.00 (  0.00)
[2023-03-16_10-26-22] Test: [ 40/391]	Time  0.114 ( 0.359)	Loss 2.6396e+01 (2.3695e+01)	Acc@1   0.00 (  0.00)	Acc@5   0.00 (  0.00)
[2023-03-16_10-26-25] Test: [ 50/391]	Time  0.153 ( 0.331)	Loss 1.8791e+01 (2.2827e+01)	Acc@1   0.00 (  0.00)	Acc@5   0.00 (  0.00)
[2023-03-16_10-26-26] Test: [ 60/391]	Time  0.170 ( 0.298)	Loss 1.8158e+01 (2.2683e+01)	Acc@1   0.00 (  0.00)	Acc@5   0.00 (  0.00)
[2023-03-16_10-26-28] Test: [ 70/391]	Time  0.105 ( 0.284)	Loss 2.5325e+01 (2.2408e+01)	Acc@1   0.00 (  0.00)	Acc@5   0.00 (  0.00)
[2023-03-16_10-26-30] Test: [ 80/391]	Time  0.101 ( 0.271)	Loss 3.6299e+01 (2.1980e+01)	Acc@1   0.00 (  0.00)	Acc@5   0.00 (  0.00)
[2023-03-16_10-26-31] Test: [ 90/391]	Time  0.118 ( 0.257)	Loss 2.6026e+01 (2.1491e+01)	Acc@1   0.00 (  0.00)	Acc@5   0.00 (  0.04)
[2023-03-16_10-26-33] Test: [100/391]	Time  0.269 ( 0.246)	Loss 1.8235e+01 (2.1240e+01)	Acc@1   0.00 (  0.00)	Acc@5   0.00 (  0.04)
[2023-03-16_10-26-34] Test: [110/391]	Time  0.164 ( 0.239)	Loss 1.8398e+01 (2.1279e+01)	Acc@1   0.00 (  0.00)	Acc@5   0.00 (  0.04)
[2023-03-16_10-26-36] Test: [120/391]	Time  0.088 ( 0.231)	Loss 1.5623e+01 (2.1364e+01)	Acc@1   0.00 (  0.00)	Acc@5   0.00 (  0.03)
[2023-03-16_10-26-37] Test: [130/391]	Time  0.144 ( 0.226)	Loss 9.3430e+00 (2.1555e+01)	Acc@1   8.59 (  0.07)	Acc@5  29.69 (  0.26)
[2023-03-16_10-26-39] Test: [140/391]	Time  0.180 ( 0.220)	Loss 2.5973e+01 (2.1467e+01)	Acc@1   0.00 (  0.06)	Acc@5   0.00 (  0.24)
[2023-03-16_10-26-40] Test: [150/391]	Time  0.081 ( 0.213)	Loss 1.8455e+01 (2.1457e+01)	Acc@1   0.00 (  0.06)	Acc@5   0.00 (  0.22)
[2023-03-16_10-26-41] Test: [160/391]	Time  0.119 ( 0.209)	Loss 8.2125e+00 (2.1169e+01)	Acc@1   2.34 (  0.07)	Acc@5   6.25 (  0.25)
[2023-03-16_10-26-43] Test: [170/391]	Time  0.071 ( 0.208)	Loss 1.4539e+01 (2.0958e+01)	Acc@1   0.00 (  0.09)	Acc@5   0.00 (  0.35)
[2023-03-16_10-26-45] Test: [180/391]	Time  0.115 ( 0.204)	Loss 2.3838e+01 (2.0899e+01)	Acc@1   0.00 (  0.08)	Acc@5   0.00 (  0.33)
[2023-03-16_10-26-46] Test: [190/391]	Time  0.099 ( 0.202)	Loss 1.5658e+01 (2.0824e+01)	Acc@1   0.00 (  0.08)	Acc@5   0.00 (  0.31)
[2023-03-16_10-26-48] Test: [200/391]	Time  0.157 ( 0.200)	Loss 1.3038e+01 (2.0705e+01)	Acc@1   0.00 (  0.07)	Acc@5   0.00 (  0.30)
[2023-03-16_10-26-49] Test: [210/391]	Time  0.160 ( 0.196)	Loss 2.1812e+01 (2.0582e+01)	Acc@1   0.00 (  0.07)	Acc@5   0.00 (  0.28)
[2023-03-16_10-26-51] Test: [220/391]	Time  0.154 ( 0.194)	Loss 1.8419e+01 (2.0514e+01)	Acc@1   0.00 (  0.11)	Acc@5   0.00 (  0.45)
[2023-03-16_10-26-52] Test: [230/391]	Time  0.247 ( 0.193)	Loss 9.8397e+00 (2.0366e+01)	Acc@1   0.00 (  0.13)	Acc@5   0.00 (  0.61)
[2023-03-16_10-26-53] Test: [240/391]	Time  0.072 ( 0.189)	Loss 3.3089e+01 (2.0398e+01)	Acc@1   0.00 (  0.22)	Acc@5   0.00 (  0.76)
[2023-03-16_10-26-55] Test: [250/391]	Time  0.097 ( 0.188)	Loss 2.7736e+01 (2.0379e+01)	Acc@1   0.00 (  0.21)	Acc@5   0.00 (  0.73)
[2023-03-16_10-26-56] Test: [260/391]	Time  0.193 ( 0.186)	Loss 2.1655e+01 (2.0266e+01)	Acc@1   0.00 (  0.21)	Acc@5   0.00 (  0.70)
[2023-03-16_10-26-58] Test: [270/391]	Time  0.134 ( 0.187)	Loss 2.6180e+01 (2.0422e+01)	Acc@1   0.00 (  0.20)	Acc@5   0.00 (  0.67)
[2023-03-16_10-27-00] Test: [280/391]	Time  0.179 ( 0.185)	Loss 1.6491e+01 (2.0259e+01)	Acc@1   0.00 (  0.19)	Acc@5   0.00 (  0.66)
[2023-03-16_10-27-01] Test: [290/391]	Time  0.165 ( 0.183)	Loss 1.8722e+01 (2.0137e+01)	Acc@1   0.00 (  0.19)	Acc@5   0.00 (  0.64)
[2023-03-16_10-27-02] Test: [300/391]	Time  0.095 ( 0.181)	Loss 9.5015e+00 (2.0014e+01)	Acc@1   0.00 (  0.18)	Acc@5   0.00 (  0.62)
[2023-03-16_10-27-04] Test: [310/391]	Time  0.229 ( 0.180)	Loss 2.2928e+01 (1.9919e+01)	Acc@1   0.00 (  0.21)	Acc@5   0.00 (  0.69)
[2023-03-16_10-27-05] Test: [320/391]	Time  0.120 ( 0.179)	Loss 5.5644e+01 (1.9935e+01)	Acc@1   0.00 (  0.20)	Acc@5   0.00 (  0.67)
[2023-03-16_10-27-06] Test: [330/391]	Time  0.077 ( 0.177)	Loss 1.5549e+01 (1.9873e+01)	Acc@1   0.00 (  0.20)	Acc@5   0.00 (  0.65)
[2023-03-16_10-27-07] Test: [340/391]	Time  0.073 ( 0.175)	Loss 1.5014e+01 (1.9764e+01)	Acc@1   0.00 (  0.19)	Acc@5   0.00 (  0.70)
[2023-03-16_10-27-08] Test: [350/391]	Time  0.072 ( 0.173)	Loss 9.5323e+00 (1.9741e+01)	Acc@1   0.00 (  0.18)	Acc@5   0.00 (  0.69)
[2023-03-16_10-27-09] Test: [360/391]	Time  0.071 ( 0.170)	Loss 1.9415e+01 (1.9626e+01)	Acc@1   0.00 (  0.18)	Acc@5   0.00 (  0.68)
[2023-03-16_10-27-10] Test: [370/391]	Time  0.071 ( 0.167)	Loss 2.9003e+01 (1.9622e+01)	Acc@1   0.00 (  0.17)	Acc@5   0.00 (  0.66)
[2023-03-16_10-27-10] Test: [380/391]	Time  0.072 ( 0.165)	Loss 1.8367e+01 (1.9649e+01)	Acc@1   0.00 (  0.17)	Acc@5   0.00 (  0.65)
[2023-03-16_10-27-11] Test: [390/391]	Time  0.046 ( 0.162)	Loss 1.9841e+01 (1.9707e+01)	Acc@1   0.00 (  0.17)	Acc@5   0.00 (  0.64)
[2023-03-16_10-27-11]  * Acc@1 0.168 Acc@5 0.636
