[2023-03-14_19-37-59] main.py -a resnet18_imagenet --action QUANTIZE --is_float true --man 2 --exp 2

[2023-03-14_19-37-59] desc=None, x_bits=None, w_bits=None, is_float=True, exp=2, man=2
[2023-03-14_19-37-59] __init__: arch=resnet18, dataset=imagenet, model_chkp=None, pretrained=True
[2023-03-14_19-38-09] train_pred: epochs=1, lr=0, lr_plan=None, momentum=0.9, wd=0.0005, batch_size=128, optimizer=SGD
[2023-03-14_19-38-09] lr=0, running train steps with no_grad()
[2023-03-14_19-38-20] Epoch: [0][   0/9375]	Time 11.061 (11.061)	Data 10.269 (10.269)	Loss 7.2768e+00 (7.2768e+00)	Acc@1   0.00 (  0.00)	Acc@5   0.00 (  0.00)
[2023-03-14_19-38-23] Epoch: [0][  10/9375]	Time  0.187 ( 1.284)	Data  0.001 ( 0.942)	Loss 7.3918e+00 (7.2742e+00)	Acc@1   1.56 (  0.21)	Acc@5   1.56 (  0.50)
[2023-03-14_19-38-35] Test: [  0/391]	Time  8.007 ( 8.007)	Loss 3.3233e+01 (3.3233e+01)	Acc@1   0.00 (  0.00)	Acc@5   0.00 (  0.00)
[2023-03-14_19-38-41] Test: [ 10/391]	Time  0.278 ( 1.248)	Loss 6.2605e+01 (4.2182e+01)	Acc@1   0.00 (  0.00)	Acc@5   0.00 (  0.00)
[2023-03-14_19-38-43] Test: [ 20/391]	Time  0.262 ( 0.781)	Loss 9.3927e+01 (4.4065e+01)	Acc@1   0.00 (  0.00)	Acc@5   0.00 (  0.00)
[2023-03-14_19-38-45] Test: [ 30/391]	Time  0.119 ( 0.598)	Loss 2.8832e+01 (4.3482e+01)	Acc@1   0.00 (  0.00)	Acc@5   0.00 (  0.03)
[2023-03-14_19-38-47] Test: [ 40/391]	Time  0.284 ( 0.503)	Loss 8.3765e+01 (4.4843e+01)	Acc@1   0.00 (  0.00)	Acc@5   0.00 (  0.02)
[2023-03-14_19-38-50] Test: [ 50/391]	Time  0.150 ( 0.456)	Loss 3.4160e+01 (4.4978e+01)	Acc@1   0.00 (  0.00)	Acc@5   0.00 (  0.02)
[2023-03-14_19-38-52] Test: [ 60/391]	Time  0.260 ( 0.420)	Loss 2.2129e+01 (4.4016e+01)	Acc@1   0.00 (  0.00)	Acc@5   0.00 (  0.01)
[2023-03-14_19-38-54] Test: [ 70/391]	Time  0.125 ( 0.387)	Loss 4.1069e+01 (4.2213e+01)	Acc@1   0.00 (  0.00)	Acc@5   0.00 (  0.01)
[2023-03-14_19-38-57] Test: [ 80/391]	Time  0.175 ( 0.367)	Loss 2.6002e+01 (4.0366e+01)	Acc@1   0.00 (  0.00)	Acc@5   0.00 (  0.08)
[2023-03-14_19-38-59] Test: [ 90/391]	Time  0.263 ( 0.354)	Loss 4.2097e+01 (3.9226e+01)	Acc@1   0.00 (  0.00)	Acc@5   0.00 (  0.11)
[2023-03-14_19-39-01] Test: [100/391]	Time  0.230 ( 0.342)	Loss 2.7132e+01 (3.8394e+01)	Acc@1   0.00 (  0.00)	Acc@5   0.00 (  0.10)
[2023-03-14_19-39-03] Test: [110/391]	Time  0.206 ( 0.327)	Loss 3.7818e+01 (3.7943e+01)	Acc@1   0.00 (  0.00)	Acc@5   0.00 (  0.18)
[2023-03-14_19-39-05] Test: [120/391]	Time  0.232 ( 0.318)	Loss 4.3066e+01 (3.8450e+01)	Acc@1   0.00 (  0.00)	Acc@5   0.00 (  0.16)
[2023-03-14_19-39-08] Test: [130/391]	Time  0.157 ( 0.312)	Loss 3.0222e+01 (3.8384e+01)	Acc@1   0.00 (  0.00)	Acc@5   0.00 (  0.15)
[2023-03-14_19-39-10] Test: [140/391]	Time  0.105 ( 0.306)	Loss 3.7870e+01 (3.8808e+01)	Acc@1   0.00 (  0.00)	Acc@5   0.00 (  0.14)
[2023-03-14_19-39-12] Test: [150/391]	Time  0.163 ( 0.298)	Loss 2.0280e+01 (3.8702e+01)	Acc@1   0.00 (  0.00)	Acc@5   0.00 (  0.13)
[2023-03-14_19-39-14] Test: [160/391]	Time  0.121 ( 0.294)	Loss 2.9924e+01 (3.8462e+01)	Acc@1   0.00 (  0.00)	Acc@5   0.00 (  0.12)
[2023-03-14_19-39-16] Test: [170/391]	Time  0.095 ( 0.290)	Loss 2.1887e+01 (3.8006e+01)	Acc@1   0.00 (  0.00)	Acc@5   0.00 (  0.11)
[2023-03-14_19-39-18] Test: [180/391]	Time  0.187 ( 0.284)	Loss 3.0477e+01 (3.7623e+01)	Acc@1   0.00 (  0.00)	Acc@5   0.00 (  0.11)
[2023-03-14_19-39-20] Test: [190/391]	Time  0.150 ( 0.278)	Loss 1.9527e+01 (3.7321e+01)	Acc@1   0.00 (  0.00)	Acc@5   0.00 (  0.17)
[2023-03-14_19-39-22] Test: [200/391]	Time  0.197 ( 0.274)	Loss 3.5367e+01 (3.6995e+01)	Acc@1   0.00 (  0.00)	Acc@5  25.00 (  0.28)
[2023-03-14_19-39-24] Test: [210/391]	Time  0.212 ( 0.273)	Loss 2.4278e+01 (3.6732e+01)	Acc@1   0.00 (  0.00)	Acc@5   0.00 (  0.27)
[2023-03-14_19-39-26] Test: [220/391]	Time  0.313 ( 0.269)	Loss 3.5675e+01 (3.6431e+01)	Acc@1   0.00 (  0.00)	Acc@5   0.00 (  0.26)
[2023-03-14_19-39-28] Test: [230/391]	Time  0.327 ( 0.266)	Loss 2.7274e+01 (3.6250e+01)	Acc@1   0.00 (  0.00)	Acc@5   0.00 (  0.29)
[2023-03-14_19-39-31] Test: [240/391]	Time  0.175 ( 0.264)	Loss 4.0114e+01 (3.6464e+01)	Acc@1   0.00 (  0.00)	Acc@5   0.00 (  0.29)
[2023-03-14_19-39-33] Test: [250/391]	Time  0.243 ( 0.263)	Loss 3.7725e+01 (3.6354e+01)	Acc@1   0.00 (  0.00)	Acc@5   0.00 (  0.28)
[2023-03-14_19-39-35] Test: [260/391]	Time  0.161 ( 0.261)	Loss 3.1696e+01 (3.6056e+01)	Acc@1   0.00 (  0.04)	Acc@5   0.00 (  0.38)
[2023-03-14_19-39-37] Test: [270/391]	Time  0.104 ( 0.258)	Loss 3.8133e+01 (3.6094e+01)	Acc@1   0.00 (  0.04)	Acc@5   0.00 (  0.44)
[2023-03-14_19-39-38] Test: [280/391]	Time  0.233 ( 0.254)	Loss 2.7219e+01 (3.6213e+01)	Acc@1   0.00 (  0.04)	Acc@5   0.00 (  0.43)
[2023-03-14_19-39-40] Test: [290/391]	Time  0.332 ( 0.253)	Loss 4.4101e+01 (3.6229e+01)	Acc@1   0.00 (  0.04)	Acc@5   0.00 (  0.41)
[2023-03-14_19-39-43] Test: [300/391]	Time  0.120 ( 0.252)	Loss 4.3851e+01 (3.6174e+01)	Acc@1   0.00 (  0.04)	Acc@5   0.00 (  0.40)
[2023-03-14_19-39-45] Test: [310/391]	Time  0.351 ( 0.252)	Loss 2.7017e+01 (3.6011e+01)	Acc@1   0.00 (  0.04)	Acc@5   0.00 (  0.38)
[2023-03-14_19-39-47] Test: [320/391]	Time  0.134 ( 0.250)	Loss 4.7053e+01 (3.5948e+01)	Acc@1   0.00 (  0.03)	Acc@5   0.00 (  0.37)
[2023-03-14_19-39-49] Test: [330/391]	Time  0.097 ( 0.248)	Loss 2.2355e+01 (3.5881e+01)	Acc@1   0.00 (  0.03)	Acc@5   0.00 (  0.43)
[2023-03-14_19-39-51] Test: [340/391]	Time  0.120 ( 0.246)	Loss 4.5695e+01 (3.5858e+01)	Acc@1   0.00 (  0.03)	Acc@5   0.00 (  0.43)
[2023-03-14_19-39-52] Test: [350/391]	Time  0.110 ( 0.242)	Loss 4.2504e+01 (3.5821e+01)	Acc@1   0.00 (  0.03)	Acc@5   0.00 (  0.42)
[2023-03-14_19-39-53] Test: [360/391]	Time  0.099 ( 0.238)	Loss 2.1509e+01 (3.5601e+01)	Acc@1   0.00 (  0.03)	Acc@5   0.00 (  0.42)
[2023-03-14_19-39-54] Test: [370/391]	Time  0.103 ( 0.235)	Loss 2.9670e+01 (3.5651e+01)	Acc@1   0.00 (  0.03)	Acc@5   0.00 (  0.40)
[2023-03-14_19-39-55] Test: [380/391]	Time  0.099 ( 0.232)	Loss 3.0273e+01 (3.5615e+01)	Acc@1   0.00 (  0.03)	Acc@5   0.00 (  0.39)
[2023-03-14_19-39-56] Test: [390/391]	Time  0.112 ( 0.228)	Loss 3.0399e+01 (3.5676e+01)	Acc@1   0.00 (  0.03)	Acc@5   0.00 (  0.39)
[2023-03-14_19-39-57]  * Acc@1 0.032 Acc@5 0.386
