[2023-03-16_08-39-21] ./main.py -a resnet18_imagenet --action QUANTIZE --is_float True --exp 7 --man 8

[2023-03-16_08-39-21] desc=None, x_bits=None, w_bits=None, is_float=True, exp=7, man=8
[2023-03-16_08-39-21] __init__: arch=resnet18, dataset=imagenet, model_chkp=None, pretrained=True
[2023-03-16_08-39-23] train_pred: epochs=1, lr=0, lr_plan=None, momentum=0.9, wd=0.0005, batch_size=128, optimizer=SGD
[2023-03-16_08-39-23] lr=0, running train steps with no_grad()
[2023-03-16_08-39-30] Epoch: [0][   0/9375]	Time  6.938 ( 6.938)	Data  6.745 ( 6.745)	Loss 1.2151e+00 (1.2151e+00)	Acc@1  67.19 ( 67.19)	Acc@5  90.62 ( 90.62)
[2023-03-16_08-39-32] Epoch: [0][  10/9375]	Time  0.161 ( 0.772)	Data  0.001 ( 0.645)	Loss 1.2658e+00 (1.3141e+00)	Acc@1  71.09 ( 68.39)	Acc@5  89.84 ( 87.86)
[2023-03-16_08-39-39] Test: [  0/391]	Time  5.154 ( 5.154)	Loss 5.9965e-01 (5.9965e-01)	Acc@1  84.38 ( 84.38)	Acc@5  95.31 ( 95.31)
[2023-03-16_08-39-44] Test: [ 10/391]	Time  0.071 ( 0.867)	Loss 9.2942e-01 (6.0847e-01)	Acc@1  75.78 ( 84.87)	Acc@5  95.31 ( 95.31)
[2023-03-16_08-39-45] Test: [ 20/391]	Time  0.210 ( 0.515)	Loss 8.5548e-01 (8.4739e-01)	Acc@1  81.25 ( 78.79)	Acc@5  91.41 ( 93.12)
[2023-03-16_08-39-46] Test: [ 30/391]	Time  0.086 ( 0.395)	Loss 1.3954e+00 (1.0042e+00)	Acc@1  73.44 ( 74.42)	Acc@5  88.28 ( 91.83)
[2023-03-16_08-39-47] Test: [ 40/391]	Time  0.072 ( 0.326)	Loss 8.8825e-01 (9.0899e-01)	Acc@1  79.69 ( 76.85)	Acc@5  92.19 ( 92.61)
[2023-03-16_08-39-50] Test: [ 50/391]	Time  0.206 ( 0.312)	Loss 4.1423e-01 (9.2768e-01)	Acc@1  87.50 ( 76.56)	Acc@5  98.44 ( 92.34)
[2023-03-16_08-39-51] Test: [ 60/391]	Time  0.092 ( 0.285)	Loss 9.6577e-01 (8.6953e-01)	Acc@1  77.34 ( 77.95)	Acc@5  90.62 ( 92.83)
[2023-03-16_08-39-52] Test: [ 70/391]	Time  0.073 ( 0.258)	Loss 9.7185e-01 (9.0049e-01)	Acc@1  69.53 ( 76.95)	Acc@5  96.09 ( 92.78)
[2023-03-16_08-39-55] Test: [ 80/391]	Time  0.186 ( 0.258)	Loss 8.8922e-01 (9.1382e-01)	Acc@1  73.44 ( 76.26)	Acc@5  96.09 ( 92.98)
[2023-03-16_08-39-57] Test: [ 90/391]	Time  0.095 ( 0.249)	Loss 1.0878e+00 (9.1676e-01)	Acc@1  63.28 ( 76.12)	Acc@5  94.53 ( 93.04)
[2023-03-16_08-39-58] Test: [100/391]	Time  0.128 ( 0.239)	Loss 7.6409e-01 (9.1120e-01)	Acc@1  80.47 ( 75.94)	Acc@5  95.31 ( 93.25)
[2023-03-16_08-40-00] Test: [110/391]	Time  0.208 ( 0.232)	Loss 1.1911e+00 (9.1578e-01)	Acc@1  53.91 ( 75.58)	Acc@5  92.19 ( 93.32)
[2023-03-16_08-40-02] Test: [120/391]	Time  0.073 ( 0.228)	Loss 7.6895e-01 (9.1292e-01)	Acc@1  80.47 ( 75.89)	Acc@5  96.88 ( 93.43)
[2023-03-16_08-40-03] Test: [130/391]	Time  0.113 ( 0.221)	Loss 3.9519e-01 (9.0310e-01)	Acc@1  92.97 ( 76.28)	Acc@5  96.88 ( 93.53)
[2023-03-16_08-40-05] Test: [140/391]	Time  0.189 ( 0.220)	Loss 1.0035e+00 (9.0209e-01)	Acc@1  70.31 ( 76.24)	Acc@5  95.31 ( 93.59)
[2023-03-16_08-40-07] Test: [150/391]	Time  0.197 ( 0.218)	Loss 7.9163e-01 (9.0506e-01)	Acc@1  71.09 ( 76.20)	Acc@5  93.75 ( 93.51)
[2023-03-16_08-40-08] Test: [160/391]	Time  0.159 ( 0.214)	Loss 8.9750e-01 (9.1253e-01)	Acc@1  78.12 ( 76.22)	Acc@5  91.41 ( 93.36)
[2023-03-16_08-40-10] Test: [170/391]	Time  0.124 ( 0.209)	Loss 1.7355e+00 (9.4687e-01)	Acc@1  55.47 ( 75.50)	Acc@5  86.72 ( 92.95)
[2023-03-16_08-40-11] Test: [180/391]	Time  0.148 ( 0.207)	Loss 2.1043e+00 (9.7925e-01)	Acc@1  49.22 ( 74.86)	Acc@5  82.81 ( 92.50)
[2023-03-16_08-40-13] Test: [190/391]	Time  0.088 ( 0.203)	Loss 2.0391e+00 (1.0133e+00)	Acc@1  55.47 ( 74.17)	Acc@5  82.81 ( 92.08)
[2023-03-16_08-40-14] Test: [200/391]	Time  0.143 ( 0.198)	Loss 1.1947e+00 (1.0445e+00)	Acc@1  65.62 ( 73.55)	Acc@5  89.84 ( 91.70)
[2023-03-16_08-40-16] Test: [210/391]	Time  0.080 ( 0.197)	Loss 1.4959e+00 (1.0649e+00)	Acc@1  69.53 ( 73.13)	Acc@5  84.38 ( 91.48)
[2023-03-16_08-40-17] Test: [220/391]	Time  0.099 ( 0.194)	Loss 6.8289e-01 (1.0757e+00)	Acc@1  83.59 ( 72.94)	Acc@5  94.53 ( 91.27)
[2023-03-16_08-40-18] Test: [230/391]	Time  0.170 ( 0.191)	Loss 2.0091e+00 (1.0892e+00)	Acc@1  50.78 ( 72.72)	Acc@5  79.69 ( 91.07)
[2023-03-16_08-40-20] Test: [240/391]	Time  0.108 ( 0.190)	Loss 1.2675e+00 (1.0970e+00)	Acc@1  72.66 ( 72.66)	Acc@5  86.72 ( 90.93)
[2023-03-16_08-40-21] Test: [250/391]	Time  0.137 ( 0.188)	Loss 8.2669e-01 (1.1240e+00)	Acc@1  74.22 ( 72.02)	Acc@5  92.97 ( 90.58)
[2023-03-16_08-40-23] Test: [260/391]	Time  0.127 ( 0.186)	Loss 1.4358e+00 (1.1441e+00)	Acc@1  64.06 ( 71.60)	Acc@5  89.84 ( 90.36)
[2023-03-16_08-40-24] Test: [270/391]	Time  0.216 ( 0.186)	Loss 1.9783e+00 (1.1539e+00)	Acc@1  53.12 ( 71.42)	Acc@5  85.94 ( 90.24)
[2023-03-16_08-40-26] Test: [280/391]	Time  0.074 ( 0.184)	Loss 1.2188e+00 (1.1608e+00)	Acc@1  65.62 ( 71.30)	Acc@5  91.41 ( 90.20)
[2023-03-16_08-40-27] Test: [290/391]	Time  0.095 ( 0.183)	Loss 1.8648e+00 (1.1754e+00)	Acc@1  47.66 ( 71.02)	Acc@5  82.03 ( 89.93)
[2023-03-16_08-40-28] Test: [300/391]	Time  0.117 ( 0.180)	Loss 1.2892e+00 (1.1871e+00)	Acc@1  76.56 ( 70.83)	Acc@5  86.72 ( 89.76)
[2023-03-16_08-40-30] Test: [310/391]	Time  0.251 ( 0.181)	Loss 1.6735e+00 (1.1968e+00)	Acc@1  65.62 ( 70.66)	Acc@5  83.59 ( 89.61)
[2023-03-16_08-40-32] Test: [320/391]	Time  0.122 ( 0.180)	Loss 8.2353e-01 (1.2064e+00)	Acc@1  84.38 ( 70.53)	Acc@5  92.97 ( 89.51)
[2023-03-16_08-40-33] Test: [330/391]	Time  0.073 ( 0.178)	Loss 2.0428e+00 (1.2246e+00)	Acc@1  53.91 ( 70.13)	Acc@5  78.12 ( 89.26)
[2023-03-16_08-40-34] Test: [340/391]	Time  0.097 ( 0.176)	Loss 1.1853e+00 (1.2312e+00)	Acc@1  71.09 ( 69.99)	Acc@5  91.41 ( 89.18)
[2023-03-16_08-40-35] Test: [350/391]	Time  0.073 ( 0.173)	Loss 1.4105e+00 (1.2372e+00)	Acc@1  66.41 ( 69.87)	Acc@5  89.06 ( 89.06)
[2023-03-16_08-40-35] Test: [360/391]	Time  0.073 ( 0.170)	Loss 1.7522e+00 (1.2481e+00)	Acc@1  53.91 ( 69.65)	Acc@5  89.06 ( 88.96)
[2023-03-16_08-40-36] Test: [370/391]	Time  0.073 ( 0.168)	Loss 1.0916e+00 (1.2420e+00)	Acc@1  64.84 ( 69.74)	Acc@5  94.53 ( 89.05)
[2023-03-16_08-40-37] Test: [380/391]	Time  0.074 ( 0.165)	Loss 9.4671e-01 (1.2434e+00)	Acc@1  75.00 ( 69.68)	Acc@5  95.31 ( 89.02)
[2023-03-16_08-40-38] Test: [390/391]	Time  0.048 ( 0.163)	Loss 2.4058e+00 (1.2371e+00)	Acc@1  41.25 ( 69.82)	Acc@5  78.75 ( 89.10)
[2023-03-16_08-40-38]  * Acc@1 69.818 Acc@5 89.104
