[2023-03-14_19-33-05] main.py -a resnet18_imagenet --action QUANTIZE --is_float true --man 1 --exp 1

[2023-03-14_19-33-05] desc=None, x_bits=None, w_bits=None, is_float=True, exp=1, man=1
[2023-03-14_19-33-05] __init__: arch=resnet18, dataset=imagenet, model_chkp=None, pretrained=True
[2023-03-14_19-33-15] train_pred: epochs=1, lr=0, lr_plan=None, momentum=0.9, wd=0.0005, batch_size=128, optimizer=SGD
[2023-03-14_19-33-15] lr=0, running train steps with no_grad()
[2023-03-14_19-33-29] Epoch: [0][   0/9375]	Time 13.871 (13.871)	Data 13.082 (13.082)	Loss 7.2439e+00 (7.2439e+00)	Acc@1   0.00 (  0.00)	Acc@5   0.00 (  0.00)
[2023-03-14_19-33-31] Epoch: [0][  10/9375]	Time  0.202 ( 1.478)	Data  0.009 ( 1.196)	Loss 7.2789e+00 (7.2309e+00)	Acc@1   0.00 (  0.00)	Acc@5   0.00 (  0.43)
[2023-03-14_19-33-42] Test: [  0/391]	Time  6.805 ( 6.805)	Loss 8.2796e+00 (8.2796e+00)	Acc@1   0.00 (  0.00)	Acc@5   0.00 (  0.00)
[2023-03-14_19-33-45] Test: [ 10/391]	Time  0.217 ( 0.882)	Loss 9.9048e+00 (9.2766e+00)	Acc@1   0.00 (  0.00)	Acc@5   0.00 (  0.00)
[2023-03-14_19-33-46] Test: [ 20/391]	Time  0.195 ( 0.549)	Loss 9.7033e+00 (9.2342e+00)	Acc@1   0.00 (  0.00)	Acc@5   0.00 (  0.00)
[2023-03-14_19-33-48] Test: [ 30/391]	Time  0.104 ( 0.426)	Loss 8.1823e+00 (9.1284e+00)	Acc@1   0.00 (  0.00)	Acc@5   0.00 (  0.00)
[2023-03-14_19-33-50] Test: [ 40/391]	Time  0.171 ( 0.363)	Loss 9.4758e+00 (9.1581e+00)	Acc@1   0.00 (  0.00)	Acc@5   0.00 (  0.00)
[2023-03-14_19-33-51] Test: [ 50/391]	Time  0.119 ( 0.311)	Loss 8.4984e+00 (9.0438e+00)	Acc@1   0.00 (  0.00)	Acc@5   0.00 (  0.00)
[2023-03-14_19-33-52] Test: [ 60/391]	Time  0.077 ( 0.280)	Loss 7.6685e+00 (9.1546e+00)	Acc@1   0.00 (  0.00)	Acc@5   0.00 (  0.05)
[2023-03-14_19-33-53] Test: [ 70/391]	Time  0.089 ( 0.257)	Loss 7.4878e+00 (8.9800e+00)	Acc@1   0.00 (  0.00)	Acc@5   0.00 (  0.04)
[2023-03-14_19-33-55] Test: [ 80/391]	Time  0.118 ( 0.244)	Loss 8.3797e+00 (8.8495e+00)	Acc@1   0.00 (  0.00)	Acc@5   0.00 (  0.04)
[2023-03-14_19-33-56] Test: [ 90/391]	Time  0.091 ( 0.235)	Loss 9.0016e+00 (8.7393e+00)	Acc@1   0.00 (  0.00)	Acc@5   0.00 (  0.03)
[2023-03-14_19-33-58] Test: [100/391]	Time  0.162 ( 0.227)	Loss 7.5089e+00 (8.6336e+00)	Acc@1   0.00 (  0.00)	Acc@5   0.00 (  0.07)
[2023-03-14_19-33-59] Test: [110/391]	Time  0.134 ( 0.219)	Loss 6.9203e+00 (8.6363e+00)	Acc@1   0.00 (  0.00)	Acc@5   0.00 (  0.06)
[2023-03-14_19-34-01] Test: [120/391]	Time  0.095 ( 0.213)	Loss 9.4074e+00 (8.7159e+00)	Acc@1   0.00 (  0.00)	Acc@5   0.00 (  0.06)
[2023-03-14_19-34-02] Test: [130/391]	Time  0.198 ( 0.208)	Loss 7.5059e+00 (8.7309e+00)	Acc@1   0.00 (  0.00)	Acc@5   0.00 (  0.05)
[2023-03-14_19-34-04] Test: [140/391]	Time  0.099 ( 0.203)	Loss 8.4400e+00 (8.7654e+00)	Acc@1   0.00 (  0.00)	Acc@5   0.00 (  0.05)
[2023-03-14_19-34-05] Test: [150/391]	Time  0.077 ( 0.198)	Loss 9.2218e+00 (8.7801e+00)	Acc@1   0.00 (  0.00)	Acc@5   0.00 (  0.05)
[2023-03-14_19-34-06] Test: [160/391]	Time  0.176 ( 0.195)	Loss 7.3147e+00 (8.7299e+00)	Acc@1   0.00 (  0.00)	Acc@5   0.00 (  0.04)
[2023-03-14_19-34-08] Test: [170/391]	Time  0.089 ( 0.192)	Loss 7.3506e+00 (8.6593e+00)	Acc@1   0.00 (  0.00)	Acc@5   0.00 (  0.06)
[2023-03-14_19-34-09] Test: [180/391]	Time  0.177 ( 0.190)	Loss 6.3295e+00 (8.5991e+00)	Acc@1   4.69 (  0.03)	Acc@5  10.94 (  0.12)
[2023-03-14_19-34-11] Test: [190/391]	Time  0.081 ( 0.188)	Loss 5.6872e+00 (8.5589e+00)	Acc@1   3.91 (  0.12)	Acc@5  22.66 (  0.36)
[2023-03-14_19-34-12] Test: [200/391]	Time  0.172 ( 0.186)	Loss 6.3971e+00 (8.4972e+00)	Acc@1   0.00 (  0.11)	Acc@5   0.00 (  0.37)
[2023-03-14_19-34-14] Test: [210/391]	Time  0.127 ( 0.184)	Loss 7.8758e+00 (8.4663e+00)	Acc@1   0.00 (  0.11)	Acc@5   0.00 (  0.36)
[2023-03-14_19-34-15] Test: [220/391]	Time  0.142 ( 0.183)	Loss 8.3516e+00 (8.4592e+00)	Acc@1   0.00 (  0.10)	Acc@5   0.00 (  0.35)
[2023-03-14_19-34-17] Test: [230/391]	Time  0.176 ( 0.182)	Loss 6.5908e+00 (8.4234e+00)	Acc@1   0.00 (  0.10)	Acc@5   0.78 (  0.36)
[2023-03-14_19-34-18] Test: [240/391]	Time  0.171 ( 0.180)	Loss 8.4372e+00 (8.3945e+00)	Acc@1   0.00 (  0.17)	Acc@5   0.00 (  0.50)
[2023-03-14_19-34-21] Test: [250/391]	Time  0.283 ( 0.182)	Loss 8.0035e+00 (8.3580e+00)	Acc@1   0.00 (  0.16)	Acc@5   0.00 (  0.48)
[2023-03-14_19-34-23] Test: [260/391]	Time  0.154 ( 0.184)	Loss 7.0418e+00 (8.3395e+00)	Acc@1   0.00 (  0.15)	Acc@5   1.56 (  0.47)
[2023-03-14_19-34-26] Test: [270/391]	Time  0.357 ( 0.187)	Loss 7.4165e+00 (8.3323e+00)	Acc@1   0.00 (  0.15)	Acc@5   0.00 (  0.45)
[2023-03-14_19-34-28] Test: [280/391]	Time  0.256 ( 0.189)	Loss 8.6645e+00 (8.3009e+00)	Acc@1   0.00 (  0.15)	Acc@5   0.00 (  0.47)
[2023-03-14_19-34-30] Test: [290/391]	Time  0.163 ( 0.189)	Loss 8.5035e+00 (8.2756e+00)	Acc@1   0.00 (  0.14)	Acc@5   0.00 (  0.46)
[2023-03-14_19-34-33] Test: [300/391]	Time  0.256 ( 0.192)	Loss 6.5949e+00 (8.2398e+00)	Acc@1   0.00 (  0.14)	Acc@5   0.00 (  0.47)
[2023-03-14_19-34-35] Test: [310/391]	Time  0.356 ( 0.193)	Loss 7.9417e+00 (8.2158e+00)	Acc@1   0.00 (  0.13)	Acc@5   0.00 (  0.46)
[2023-03-14_19-34-37] Test: [320/391]	Time  0.217 ( 0.192)	Loss 9.4769e+00 (8.2100e+00)	Acc@1   0.00 (  0.13)	Acc@5   0.00 (  0.47)
[2023-03-14_19-34-39] Test: [330/391]	Time  0.108 ( 0.192)	Loss 6.3081e+00 (8.1860e+00)	Acc@1   0.00 (  0.13)	Acc@5   0.78 (  0.47)
[2023-03-14_19-34-41] Test: [340/391]	Time  0.195 ( 0.193)	Loss 7.5177e+00 (8.1642e+00)	Acc@1   0.00 (  0.12)	Acc@5   0.78 (  0.46)
[2023-03-14_19-34-42] Test: [350/391]	Time  0.112 ( 0.191)	Loss 7.0510e+00 (8.1562e+00)	Acc@1   0.00 (  0.12)	Acc@5   0.00 (  0.45)
[2023-03-14_19-34-43] Test: [360/391]	Time  0.115 ( 0.189)	Loss 8.0631e+00 (8.1358e+00)	Acc@1   0.00 (  0.14)	Acc@5   0.00 (  0.56)
[2023-03-14_19-34-44] Test: [370/391]	Time  0.116 ( 0.187)	Loss 8.7116e+00 (8.1489e+00)	Acc@1   0.00 (  0.14)	Acc@5   0.00 (  0.54)
[2023-03-14_19-34-45] Test: [380/391]	Time  0.116 ( 0.185)	Loss 9.9189e+00 (8.1533e+00)	Acc@1   0.00 (  0.13)	Acc@5   0.00 (  0.53)
[2023-03-14_19-34-46] Test: [390/391]	Time  0.115 ( 0.183)	Loss 6.1947e+00 (8.1703e+00)	Acc@1   0.00 (  0.13)	Acc@5   0.00 (  0.52)
[2023-03-14_19-34-47]  * Acc@1 0.130 Acc@5 0.518
