[2023-03-16_08-41-25] ./main.py -a resnet18_imagenet --action QUANTIZE --is_float True --exp 8 --man 7

[2023-03-16_08-41-25] desc=None, x_bits=None, w_bits=None, is_float=True, exp=8, man=7
[2023-03-16_08-41-25] __init__: arch=resnet18, dataset=imagenet, model_chkp=None, pretrained=True
[2023-03-16_08-41-27] train_pred: epochs=1, lr=0, lr_plan=None, momentum=0.9, wd=0.0005, batch_size=128, optimizer=SGD
[2023-03-16_08-41-27] lr=0, running train steps with no_grad()
[2023-03-16_08-41-33] Epoch: [0][   0/9375]	Time  5.766 ( 5.766)	Data  5.461 ( 5.461)	Loss 1.2159e+00 (1.2159e+00)	Acc@1  66.41 ( 66.41)	Acc@5  90.62 ( 90.62)
[2023-03-16_08-41-36] Epoch: [0][  10/9375]	Time  0.301 ( 0.753)	Data  0.037 ( 0.531)	Loss 1.2672e+00 (1.3142e+00)	Acc@1  71.09 ( 68.39)	Acc@5  89.84 ( 87.71)
[2023-03-16_08-41-46] Test: [  0/391]	Time  7.294 ( 7.294)	Loss 5.9811e-01 (5.9811e-01)	Acc@1  84.38 ( 84.38)	Acc@5  96.09 ( 96.09)
[2023-03-16_08-41-49] Test: [ 10/391]	Time  0.224 ( 0.927)	Loss 9.3048e-01 (6.0815e-01)	Acc@1  75.78 ( 84.87)	Acc@5  95.31 ( 95.38)
[2023-03-16_08-41-51] Test: [ 20/391]	Time  0.192 ( 0.553)	Loss 8.5458e-01 (8.4730e-01)	Acc@1  81.25 ( 78.76)	Acc@5  91.41 ( 93.15)
[2023-03-16_08-41-52] Test: [ 30/391]	Time  0.163 ( 0.413)	Loss 1.3949e+00 (1.0040e+00)	Acc@1  73.44 ( 74.34)	Acc@5  88.28 ( 91.89)
[2023-03-16_08-41-54] Test: [ 40/391]	Time  0.147 ( 0.361)	Loss 8.9092e-01 (9.0900e-01)	Acc@1  79.69 ( 76.79)	Acc@5  92.19 ( 92.64)
[2023-03-16_08-41-55] Test: [ 50/391]	Time  0.346 ( 0.321)	Loss 4.1489e-01 (9.2776e-01)	Acc@1  87.50 ( 76.55)	Acc@5  98.44 ( 92.37)
[2023-03-16_08-41-57] Test: [ 60/391]	Time  0.135 ( 0.299)	Loss 9.6520e-01 (8.6958e-01)	Acc@1  77.34 ( 77.93)	Acc@5  90.62 ( 92.85)
[2023-03-16_08-41-59] Test: [ 70/391]	Time  0.179 ( 0.282)	Loss 9.7172e-01 (9.0051e-01)	Acc@1  70.31 ( 76.95)	Acc@5  96.09 ( 92.83)
[2023-03-16_08-42-01] Test: [ 80/391]	Time  0.183 ( 0.270)	Loss 8.8812e-01 (9.1381e-01)	Acc@1  72.66 ( 76.27)	Acc@5  96.09 ( 93.02)
[2023-03-16_08-42-02] Test: [ 90/391]	Time  0.074 ( 0.252)	Loss 1.0886e+00 (9.1668e-01)	Acc@1  63.28 ( 76.14)	Acc@5  94.53 ( 93.07)
[2023-03-16_08-42-04] Test: [100/391]	Time  0.177 ( 0.247)	Loss 7.6323e-01 (9.1116e-01)	Acc@1  80.47 ( 75.94)	Acc@5  95.31 ( 93.28)
[2023-03-16_08-42-06] Test: [110/391]	Time  0.202 ( 0.242)	Loss 1.1906e+00 (9.1572e-01)	Acc@1  54.69 ( 75.59)	Acc@5  92.19 ( 93.35)
[2023-03-16_08-42-07] Test: [120/391]	Time  0.116 ( 0.231)	Loss 7.7042e-01 (9.1293e-01)	Acc@1  80.47 ( 75.90)	Acc@5  96.88 ( 93.45)
[2023-03-16_08-42-08] Test: [130/391]	Time  0.121 ( 0.223)	Loss 3.9688e-01 (9.0311e-01)	Acc@1  92.97 ( 76.27)	Acc@5  96.88 ( 93.54)
[2023-03-16_08-42-10] Test: [140/391]	Time  0.101 ( 0.219)	Loss 1.0034e+00 (9.0213e-01)	Acc@1  71.09 ( 76.22)	Acc@5  96.09 ( 93.60)
[2023-03-16_08-42-11] Test: [150/391]	Time  0.073 ( 0.210)	Loss 7.9138e-01 (9.0510e-01)	Acc@1  71.09 ( 76.19)	Acc@5  93.75 ( 93.52)
[2023-03-16_08-42-12] Test: [160/391]	Time  0.259 ( 0.204)	Loss 8.9589e-01 (9.1255e-01)	Acc@1  78.12 ( 76.22)	Acc@5  91.41 ( 93.37)
[2023-03-16_08-42-14] Test: [170/391]	Time  0.139 ( 0.203)	Loss 1.7369e+00 (9.4692e-01)	Acc@1  54.69 ( 75.50)	Acc@5  85.16 ( 92.95)
[2023-03-16_08-42-15] Test: [180/391]	Time  0.153 ( 0.198)	Loss 2.1057e+00 (9.7924e-01)	Acc@1  49.22 ( 74.86)	Acc@5  82.81 ( 92.51)
[2023-03-16_08-42-16] Test: [190/391]	Time  0.074 ( 0.195)	Loss 2.0394e+00 (1.0133e+00)	Acc@1  55.47 ( 74.17)	Acc@5  82.03 ( 92.08)
[2023-03-16_08-42-18] Test: [200/391]	Time  0.199 ( 0.193)	Loss 1.1983e+00 (1.0446e+00)	Acc@1  64.84 ( 73.55)	Acc@5  89.84 ( 91.70)
[2023-03-16_08-42-19] Test: [210/391]	Time  0.127 ( 0.191)	Loss 1.5001e+00 (1.0649e+00)	Acc@1  69.53 ( 73.14)	Acc@5  84.38 ( 91.47)
[2023-03-16_08-42-21] Test: [220/391]	Time  0.074 ( 0.189)	Loss 6.8237e-01 (1.0757e+00)	Acc@1  83.59 ( 72.95)	Acc@5  94.53 ( 91.26)
[2023-03-16_08-42-22] Test: [230/391]	Time  0.101 ( 0.184)	Loss 2.0066e+00 (1.0893e+00)	Acc@1  51.56 ( 72.73)	Acc@5  79.69 ( 91.06)
[2023-03-16_08-42-24] Test: [240/391]	Time  0.098 ( 0.186)	Loss 1.2656e+00 (1.0970e+00)	Acc@1  71.88 ( 72.67)	Acc@5  86.72 ( 90.91)
[2023-03-16_08-42-25] Test: [250/391]	Time  0.139 ( 0.184)	Loss 8.2754e-01 (1.1240e+00)	Acc@1  74.22 ( 72.02)	Acc@5  92.19 ( 90.56)
[2023-03-16_08-42-26] Test: [260/391]	Time  0.074 ( 0.182)	Loss 1.4352e+00 (1.1441e+00)	Acc@1  63.28 ( 71.61)	Acc@5  89.84 ( 90.35)
[2023-03-16_08-42-28] Test: [270/391]	Time  0.075 ( 0.179)	Loss 1.9757e+00 (1.1539e+00)	Acc@1  53.12 ( 71.42)	Acc@5  86.72 ( 90.23)
[2023-03-16_08-42-29] Test: [280/391]	Time  0.116 ( 0.177)	Loss 1.2193e+00 (1.1609e+00)	Acc@1  65.62 ( 71.29)	Acc@5  90.62 ( 90.18)
[2023-03-16_08-42-32] Test: [290/391]	Time  0.133 ( 0.183)	Loss 1.8676e+00 (1.1755e+00)	Acc@1  48.44 ( 71.02)	Acc@5  82.03 ( 89.91)
[2023-03-16_08-42-33] Test: [300/391]	Time  0.145 ( 0.181)	Loss 1.2893e+00 (1.1873e+00)	Acc@1  75.78 ( 70.83)	Acc@5  87.50 ( 89.73)
[2023-03-16_08-42-34] Test: [310/391]	Time  0.124 ( 0.178)	Loss 1.6757e+00 (1.1969e+00)	Acc@1  65.62 ( 70.66)	Acc@5  84.38 ( 89.59)
[2023-03-16_08-42-36] Test: [320/391]	Time  0.075 ( 0.177)	Loss 8.2405e-01 (1.2065e+00)	Acc@1  84.38 ( 70.53)	Acc@5  92.97 ( 89.49)
[2023-03-16_08-42-37] Test: [330/391]	Time  0.074 ( 0.175)	Loss 2.0412e+00 (1.2247e+00)	Acc@1  53.91 ( 70.13)	Acc@5  78.91 ( 89.24)
[2023-03-16_08-42-38] Test: [340/391]	Time  0.113 ( 0.173)	Loss 1.1852e+00 (1.2313e+00)	Acc@1  71.09 ( 69.99)	Acc@5  91.41 ( 89.16)
[2023-03-16_08-42-39] Test: [350/391]	Time  0.077 ( 0.172)	Loss 1.4144e+00 (1.2373e+00)	Acc@1  65.62 ( 69.87)	Acc@5  89.06 ( 89.05)
[2023-03-16_08-42-40] Test: [360/391]	Time  0.073 ( 0.170)	Loss 1.7556e+00 (1.2482e+00)	Acc@1  54.69 ( 69.65)	Acc@5  89.06 ( 88.95)
[2023-03-16_08-42-41] Test: [370/391]	Time  0.074 ( 0.167)	Loss 1.0886e+00 (1.2421e+00)	Acc@1  64.84 ( 69.74)	Acc@5  94.53 ( 89.04)
[2023-03-16_08-42-42] Test: [380/391]	Time  0.073 ( 0.165)	Loss 9.4521e-01 (1.2435e+00)	Acc@1  75.00 ( 69.69)	Acc@5  95.31 ( 89.01)
[2023-03-16_08-42-42] Test: [390/391]	Time  0.048 ( 0.162)	Loss 2.4092e+00 (1.2372e+00)	Acc@1  41.25 ( 69.82)	Acc@5  78.75 ( 89.09)
[2023-03-16_08-42-43]  * Acc@1 69.818 Acc@5 89.094
