[2023-03-14_19-53-01] main.py -a resnet18_imagenet --action QUANTIZE --is_float true --man 3 --exp 6

[2023-03-14_19-53-01] desc=None, x_bits=None, w_bits=None, is_float=True, exp=6, man=3
[2023-03-14_19-53-01] __init__: arch=resnet18, dataset=imagenet, model_chkp=None, pretrained=True
[2023-03-14_19-53-11] train_pred: epochs=1, lr=0, lr_plan=None, momentum=0.9, wd=0.0005, batch_size=128, optimizer=SGD
[2023-03-14_19-53-11] lr=0, running train steps with no_grad()
[2023-03-14_19-53-18] Epoch: [0][   0/9375]	Time  6.987 ( 6.987)	Data  6.309 ( 6.309)	Loss 1.2667e+00 (1.2667e+00)	Acc@1  67.19 ( 67.19)	Acc@5  89.84 ( 89.84)
[2023-03-14_19-53-25] Epoch: [0][  10/9375]	Time  0.327 ( 1.355)	Data  0.009 ( 1.086)	Loss 1.2937e+00 (1.3402e+00)	Acc@1  70.31 ( 68.39)	Acc@5  89.06 ( 87.36)
[2023-03-14_19-53-35] Test: [  0/391]	Time  6.563 ( 6.563)	Loss 5.8997e-01 (5.8997e-01)	Acc@1  85.94 ( 85.94)	Acc@5  95.31 ( 95.31)
[2023-03-14_19-53-42] Test: [ 10/391]	Time  0.115 ( 1.176)	Loss 9.6200e-01 (6.2260e-01)	Acc@1  75.00 ( 84.38)	Acc@5  94.53 ( 94.89)
[2023-03-14_19-53-44] Test: [ 20/391]	Time  0.152 ( 0.727)	Loss 8.9382e-01 (8.6218e-01)	Acc@1  77.34 ( 78.31)	Acc@5  91.41 ( 92.78)
[2023-03-14_19-53-46] Test: [ 30/391]	Time  0.262 ( 0.559)	Loss 1.3972e+00 (1.0202e+00)	Acc@1  75.78 ( 74.09)	Acc@5  88.28 ( 91.43)
[2023-03-14_19-53-48] Test: [ 40/391]	Time  0.217 ( 0.473)	Loss 9.4781e-01 (9.2264e-01)	Acc@1  77.34 ( 76.56)	Acc@5  91.41 ( 92.21)
[2023-03-14_19-53-50] Test: [ 50/391]	Time  0.286 ( 0.422)	Loss 4.3713e-01 (9.4013e-01)	Acc@1  87.50 ( 76.41)	Acc@5  96.09 ( 92.03)
[2023-03-14_19-53-52] Test: [ 60/391]	Time  0.306 ( 0.389)	Loss 1.0094e+00 (8.8127e-01)	Acc@1  79.69 ( 77.86)	Acc@5  90.62 ( 92.62)
[2023-03-14_19-53-55] Test: [ 70/391]	Time  0.238 ( 0.375)	Loss 9.5539e-01 (9.1300e-01)	Acc@1  66.41 ( 76.64)	Acc@5  96.88 ( 92.63)
[2023-03-14_19-53-58] Test: [ 80/391]	Time  0.222 ( 0.357)	Loss 8.6314e-01 (9.2596e-01)	Acc@1  75.78 ( 75.91)	Acc@5  96.09 ( 92.75)
[2023-03-14_19-54-00] Test: [ 90/391]	Time  0.261 ( 0.344)	Loss 1.0833e+00 (9.3010e-01)	Acc@1  64.06 ( 75.77)	Acc@5  94.53 ( 92.83)
[2023-03-14_19-54-02] Test: [100/391]	Time  0.228 ( 0.330)	Loss 7.3878e-01 (9.2356e-01)	Acc@1  80.47 ( 75.60)	Acc@5  96.09 ( 93.09)
[2023-03-14_19-54-04] Test: [110/391]	Time  0.178 ( 0.318)	Loss 1.2441e+00 (9.2922e-01)	Acc@1  55.47 ( 75.25)	Acc@5  92.19 ( 93.18)
[2023-03-14_19-54-06] Test: [120/391]	Time  0.201 ( 0.308)	Loss 7.7891e-01 (9.2701e-01)	Acc@1  80.47 ( 75.55)	Acc@5  96.09 ( 93.28)
[2023-03-14_19-54-08] Test: [130/391]	Time  0.288 ( 0.304)	Loss 4.0311e-01 (9.1726e-01)	Acc@1  92.19 ( 75.89)	Acc@5  96.88 ( 93.37)
[2023-03-14_19-54-10] Test: [140/391]	Time  0.236 ( 0.296)	Loss 1.0280e+00 (9.1589e-01)	Acc@1  70.31 ( 75.84)	Acc@5  95.31 ( 93.43)
[2023-03-14_19-54-13] Test: [150/391]	Time  0.243 ( 0.291)	Loss 8.1694e-01 (9.1866e-01)	Acc@1  70.31 ( 75.83)	Acc@5  94.53 ( 93.37)
[2023-03-14_19-54-15] Test: [160/391]	Time  0.140 ( 0.287)	Loss 9.1511e-01 (9.2541e-01)	Acc@1  75.78 ( 75.85)	Acc@5  91.41 ( 93.24)
[2023-03-14_19-54-17] Test: [170/391]	Time  0.097 ( 0.281)	Loss 1.7484e+00 (9.6079e-01)	Acc@1  57.81 ( 75.16)	Acc@5  85.16 ( 92.82)
[2023-03-14_19-54-19] Test: [180/391]	Time  0.245 ( 0.277)	Loss 2.1380e+00 (9.9378e-01)	Acc@1  49.22 ( 74.51)	Acc@5  82.03 ( 92.40)
[2023-03-14_19-54-21] Test: [190/391]	Time  0.149 ( 0.273)	Loss 2.0687e+00 (1.0270e+00)	Acc@1  55.47 ( 73.84)	Acc@5  82.81 ( 91.96)
[2023-03-14_19-54-23] Test: [200/391]	Time  0.249 ( 0.271)	Loss 1.1886e+00 (1.0582e+00)	Acc@1  68.75 ( 73.22)	Acc@5  89.84 ( 91.54)
[2023-03-14_19-54-25] Test: [210/391]	Time  0.296 ( 0.268)	Loss 1.4248e+00 (1.0791e+00)	Acc@1  68.75 ( 72.83)	Acc@5  84.38 ( 91.29)
[2023-03-14_19-54-27] Test: [220/391]	Time  0.122 ( 0.263)	Loss 6.9482e-01 (1.0904e+00)	Acc@1  83.59 ( 72.65)	Acc@5  95.31 ( 91.09)
[2023-03-14_19-54-29] Test: [230/391]	Time  0.124 ( 0.262)	Loss 2.0612e+00 (1.1044e+00)	Acc@1  51.56 ( 72.42)	Acc@5  77.34 ( 90.87)
[2023-03-14_19-54-31] Test: [240/391]	Time  0.160 ( 0.258)	Loss 1.2773e+00 (1.1132e+00)	Acc@1  72.66 ( 72.35)	Acc@5  87.50 ( 90.72)
[2023-03-14_19-54-33] Test: [250/391]	Time  0.276 ( 0.256)	Loss 8.4038e-01 (1.1409e+00)	Acc@1  75.78 ( 71.68)	Acc@5  91.41 ( 90.34)
[2023-03-14_19-54-35] Test: [260/391]	Time  0.332 ( 0.255)	Loss 1.3995e+00 (1.1605e+00)	Acc@1  63.28 ( 71.26)	Acc@5  88.28 ( 90.14)
[2023-03-14_19-54-37] Test: [270/391]	Time  0.162 ( 0.252)	Loss 1.9389e+00 (1.1706e+00)	Acc@1  50.78 ( 71.06)	Acc@5  89.06 ( 90.01)
[2023-03-14_19-54-38] Test: [280/391]	Time  0.231 ( 0.248)	Loss 1.2735e+00 (1.1774e+00)	Acc@1  66.41 ( 70.95)	Acc@5  89.06 ( 89.96)
[2023-03-14_19-54-41] Test: [290/391]	Time  0.236 ( 0.247)	Loss 1.9395e+00 (1.1922e+00)	Acc@1  47.66 ( 70.64)	Acc@5  79.69 ( 89.69)
[2023-03-14_19-54-43] Test: [300/391]	Time  0.254 ( 0.246)	Loss 1.2926e+00 (1.2037e+00)	Acc@1  75.00 ( 70.43)	Acc@5  85.94 ( 89.52)
[2023-03-14_19-54-46] Test: [310/391]	Time  0.291 ( 0.247)	Loss 1.6510e+00 (1.2136e+00)	Acc@1  64.06 ( 70.23)	Acc@5  85.16 ( 89.37)
[2023-03-14_19-54-47] Test: [320/391]	Time  0.104 ( 0.244)	Loss 7.8613e-01 (1.2229e+00)	Acc@1  85.16 ( 70.11)	Acc@5  92.97 ( 89.26)
[2023-03-14_19-54-48] Test: [330/391]	Time  0.197 ( 0.241)	Loss 2.0872e+00 (1.2402e+00)	Acc@1  53.12 ( 69.75)	Acc@5  77.34 ( 89.03)
[2023-03-14_19-54-51] Test: [340/391]	Time  0.150 ( 0.240)	Loss 1.2353e+00 (1.2471e+00)	Acc@1  67.97 ( 69.61)	Acc@5  91.41 ( 88.95)
[2023-03-14_19-54-52] Test: [350/391]	Time  0.119 ( 0.238)	Loss 1.3910e+00 (1.2535e+00)	Acc@1  65.62 ( 69.47)	Acc@5  87.50 ( 88.84)
[2023-03-14_19-54-53] Test: [360/391]	Time  0.117 ( 0.234)	Loss 1.7998e+00 (1.2641e+00)	Acc@1  55.47 ( 69.26)	Acc@5  88.28 ( 88.74)
[2023-03-14_19-54-54] Test: [370/391]	Time  0.120 ( 0.231)	Loss 1.1652e+00 (1.2584e+00)	Acc@1  64.84 ( 69.33)	Acc@5  93.75 ( 88.84)
[2023-03-14_19-54-55] Test: [380/391]	Time  0.117 ( 0.228)	Loss 9.8131e-01 (1.2600e+00)	Acc@1  74.22 ( 69.31)	Acc@5  95.31 ( 88.80)
[2023-03-14_19-54-56] Test: [390/391]	Time  0.131 ( 0.225)	Loss 2.5142e+00 (1.2534e+00)	Acc@1  41.25 ( 69.45)	Acc@5  76.25 ( 88.89)
[2023-03-14_19-54-57]  * Acc@1 69.454 Acc@5 88.894
