[2023-03-14_19-47-05] main.py -a resnet18_imagenet --action QUANTIZE --is_float true --man 3 --exp 4

[2023-03-14_19-47-05] desc=None, x_bits=None, w_bits=None, is_float=True, exp=4, man=3
[2023-03-14_19-47-05] __init__: arch=resnet18, dataset=imagenet, model_chkp=None, pretrained=True
[2023-03-14_19-47-15] train_pred: epochs=1, lr=0, lr_plan=None, momentum=0.9, wd=0.0005, batch_size=128, optimizer=SGD
[2023-03-14_19-47-15] lr=0, running train steps with no_grad()
[2023-03-14_19-47-23] Epoch: [0][   0/9375]	Time  8.423 ( 8.423)	Data  7.653 ( 7.653)	Loss 1.2534e+00 (1.2534e+00)	Acc@1  67.97 ( 67.97)	Acc@5  89.84 ( 89.84)
[2023-03-14_19-47-28] Epoch: [0][  10/9375]	Time  0.213 ( 1.223)	Data  0.001 ( 0.878)	Loss 1.3047e+00 (1.3387e+00)	Acc@1  69.53 ( 68.11)	Acc@5  89.06 ( 87.43)
[2023-03-14_19-47-43] Test: [  0/391]	Time 10.977 (10.977)	Loss 5.8406e-01 (5.8406e-01)	Acc@1  86.72 ( 86.72)	Acc@5  95.31 ( 95.31)
[2023-03-14_19-47-46] Test: [ 10/391]	Time  0.437 ( 1.247)	Loss 9.6451e-01 (6.1747e-01)	Acc@1  75.00 ( 84.80)	Acc@5  94.53 ( 95.24)
[2023-03-14_19-47-48] Test: [ 20/391]	Time  0.343 ( 0.746)	Loss 8.9536e-01 (8.6098e-01)	Acc@1  78.12 ( 78.27)	Acc@5  91.41 ( 93.04)
[2023-03-14_19-47-50] Test: [ 30/391]	Time  0.197 ( 0.574)	Loss 1.3879e+00 (1.0196e+00)	Acc@1  75.78 ( 74.02)	Acc@5  89.06 ( 91.66)
[2023-03-14_19-47-52] Test: [ 40/391]	Time  0.174 ( 0.471)	Loss 9.4118e-01 (9.2127e-01)	Acc@1  77.34 ( 76.54)	Acc@5  91.41 ( 92.40)
[2023-03-14_19-47-54] Test: [ 50/391]	Time  0.151 ( 0.429)	Loss 4.4283e-01 (9.4031e-01)	Acc@1  87.50 ( 76.39)	Acc@5  96.88 ( 92.11)
[2023-03-14_19-47-56] Test: [ 60/391]	Time  0.213 ( 0.391)	Loss 1.0134e+00 (8.8206e-01)	Acc@1  78.91 ( 77.84)	Acc@5  90.62 ( 92.65)
[2023-03-14_19-47-58] Test: [ 70/391]	Time  0.143 ( 0.361)	Loss 9.5705e-01 (9.1289e-01)	Acc@1  66.41 ( 76.62)	Acc@5  96.88 ( 92.72)
[2023-03-14_19-48-00] Test: [ 80/391]	Time  0.230 ( 0.341)	Loss 8.8649e-01 (9.2569e-01)	Acc@1  73.44 ( 75.91)	Acc@5  96.09 ( 92.80)
[2023-03-14_19-48-21] Test: [ 90/391]	Time  0.074 ( 0.539)	Loss 1.0979e+00 (9.3045e-01)	Acc@1  64.84 ( 75.81)	Acc@5  94.53 ( 92.86)
[2023-03-14_19-48-27] Test: [100/391]	Time  0.080 ( 0.546)	Loss 7.6503e-01 (9.2386e-01)	Acc@1  80.47 ( 75.63)	Acc@5  95.31 ( 93.12)
[2023-03-14_19-48-29] Test: [110/391]	Time  0.132 ( 0.507)	Loss 1.2404e+00 (9.2925e-01)	Acc@1  55.47 ( 75.36)	Acc@5  91.41 ( 93.20)
[2023-03-14_19-48-30] Test: [120/391]	Time  0.074 ( 0.475)	Loss 7.7499e-01 (9.2701e-01)	Acc@1  79.69 ( 75.66)	Acc@5  96.09 ( 93.30)
[2023-03-14_19-48-31] Test: [130/391]	Time  0.075 ( 0.446)	Loss 4.0300e-01 (9.1777e-01)	Acc@1  92.97 ( 75.98)	Acc@5  96.88 ( 93.37)
[2023-03-14_19-48-32] Test: [140/391]	Time  0.140 ( 0.421)	Loss 1.0466e+00 (9.1648e-01)	Acc@1  70.31 ( 75.94)	Acc@5  94.53 ( 93.45)
[2023-03-14_19-48-33] Test: [150/391]	Time  0.191 ( 0.401)	Loss 8.0347e-01 (9.1918e-01)	Acc@1  71.09 ( 75.93)	Acc@5  93.75 ( 93.36)
[2023-03-14_19-48-34] Test: [160/391]	Time  0.076 ( 0.386)	Loss 9.2614e-01 (9.2593e-01)	Acc@1  73.44 ( 75.93)	Acc@5  92.19 ( 93.22)
[2023-03-14_19-48-36] Test: [170/391]	Time  0.127 ( 0.371)	Loss 1.7452e+00 (9.6166e-01)	Acc@1  57.03 ( 75.24)	Acc@5  85.94 ( 92.79)
[2023-03-14_19-48-37] Test: [180/391]	Time  0.076 ( 0.357)	Loss 2.1508e+00 (9.9450e-01)	Acc@1  49.22 ( 74.59)	Acc@5  82.03 ( 92.36)
[2023-03-14_19-48-38] Test: [190/391]	Time  0.272 ( 0.346)	Loss 2.0620e+00 (1.0274e+00)	Acc@1  53.91 ( 73.90)	Acc@5  82.03 ( 91.93)
[2023-03-14_19-48-39] Test: [200/391]	Time  0.158 ( 0.334)	Loss 1.1868e+00 (1.0585e+00)	Acc@1  68.75 ( 73.29)	Acc@5  90.62 ( 91.52)
[2023-03-14_19-48-41] Test: [210/391]	Time  0.080 ( 0.326)	Loss 1.4330e+00 (1.0800e+00)	Acc@1  68.75 ( 72.87)	Acc@5  85.16 ( 91.27)
[2023-03-14_19-48-43] Test: [220/391]	Time  0.241 ( 0.318)	Loss 6.8937e-01 (1.0910e+00)	Acc@1  80.47 ( 72.67)	Acc@5  95.31 ( 91.10)
[2023-03-14_19-48-44] Test: [230/391]	Time  0.098 ( 0.309)	Loss 2.0515e+00 (1.1052e+00)	Acc@1  50.00 ( 72.44)	Acc@5  78.91 ( 90.89)
[2023-03-14_19-48-46] Test: [240/391]	Time  0.186 ( 0.304)	Loss 1.2843e+00 (1.1141e+00)	Acc@1  72.66 ( 72.38)	Acc@5  87.50 ( 90.75)
[2023-03-14_19-48-47] Test: [250/391]	Time  0.204 ( 0.298)	Loss 8.4711e-01 (1.1418e+00)	Acc@1  75.78 ( 71.73)	Acc@5  91.41 ( 90.38)
[2023-03-14_19-48-49] Test: [260/391]	Time  0.124 ( 0.293)	Loss 1.4384e+00 (1.1615e+00)	Acc@1  64.06 ( 71.32)	Acc@5  88.28 ( 90.16)
[2023-03-14_19-48-50] Test: [270/391]	Time  0.098 ( 0.288)	Loss 1.9352e+00 (1.1716e+00)	Acc@1  48.44 ( 71.12)	Acc@5  88.28 ( 90.03)
[2023-03-14_19-48-52] Test: [280/391]	Time  0.109 ( 0.283)	Loss 1.2557e+00 (1.1783e+00)	Acc@1  67.19 ( 71.00)	Acc@5  89.84 ( 89.97)
[2023-03-14_19-48-53] Test: [290/391]	Time  0.111 ( 0.277)	Loss 1.9300e+00 (1.1930e+00)	Acc@1  49.22 ( 70.72)	Acc@5  80.47 ( 89.71)
[2023-03-14_19-48-54] Test: [300/391]	Time  0.148 ( 0.272)	Loss 1.2998e+00 (1.2046e+00)	Acc@1  74.22 ( 70.50)	Acc@5  85.16 ( 89.54)
[2023-03-14_19-48-56] Test: [310/391]	Time  0.097 ( 0.268)	Loss 1.6511e+00 (1.2145e+00)	Acc@1  65.62 ( 70.31)	Acc@5  85.16 ( 89.40)
[2023-03-14_19-48-58] Test: [320/391]	Time  0.420 ( 0.268)	Loss 7.9612e-01 (1.2238e+00)	Acc@1  83.59 ( 70.17)	Acc@5  92.97 ( 89.28)
[2023-03-14_19-49-01] Test: [330/391]	Time  0.299 ( 0.269)	Loss 2.0863e+00 (1.2408e+00)	Acc@1  52.34 ( 69.79)	Acc@5  77.34 ( 89.04)
[2023-03-14_19-49-04] Test: [340/391]	Time  0.184 ( 0.268)	Loss 1.2097e+00 (1.2478e+00)	Acc@1  69.53 ( 69.64)	Acc@5  92.19 ( 88.96)
[2023-03-14_19-49-05] Test: [350/391]	Time  0.126 ( 0.263)	Loss 1.3850e+00 (1.2540e+00)	Acc@1  67.19 ( 69.52)	Acc@5  88.28 ( 88.86)
[2023-03-14_19-49-05] Test: [360/391]	Time  0.083 ( 0.258)	Loss 1.7929e+00 (1.2648e+00)	Acc@1  54.69 ( 69.31)	Acc@5  89.06 ( 88.76)
[2023-03-14_19-49-06] Test: [370/391]	Time  0.088 ( 0.254)	Loss 1.1549e+00 (1.2590e+00)	Acc@1  64.84 ( 69.38)	Acc@5  93.75 ( 88.86)
[2023-03-14_19-49-07] Test: [380/391]	Time  0.093 ( 0.249)	Loss 9.6301e-01 (1.2606e+00)	Acc@1  75.78 ( 69.36)	Acc@5  95.31 ( 88.82)
[2023-03-14_19-49-08] Test: [390/391]	Time  0.088 ( 0.245)	Loss 2.5140e+00 (1.2540e+00)	Acc@1  38.75 ( 69.49)	Acc@5  77.50 ( 88.91)
[2023-03-14_19-49-09]  * Acc@1 69.494 Acc@5 88.910
