[2023-03-16_10-27-45] ./main.py -a resnet18_imagenet --action QUANTIZE --is_float True --exp 6 --man 5

[2023-03-16_10-27-45] desc=None, x_bits=None, w_bits=None, is_float=True, exp=6, man=5
[2023-03-16_10-27-45] __init__: arch=resnet18, dataset=imagenet, model_chkp=None, pretrained=True
[2023-03-16_10-27-48] train_pred: epochs=1, lr=0, lr_plan=None, momentum=0.9, wd=0.0005, batch_size=128, optimizer=SGD
[2023-03-16_10-27-48] lr=0, running train steps with no_grad()
[2023-03-16_10-27-55] Epoch: [0][   0/9375]	Time  7.143 ( 7.143)	Data  6.794 ( 6.794)	Loss 1.2174e+00 (1.2174e+00)	Acc@1  67.19 ( 67.19)	Acc@5  90.62 ( 90.62)
[2023-03-16_10-27-57] Epoch: [0][  10/9375]	Time  0.200 ( 0.857)	Data  0.001 ( 0.628)	Loss 1.2754e+00 (1.3170e+00)	Acc@1  70.31 ( 68.39)	Acc@5  89.84 ( 87.78)
[2023-03-16_10-28-07] Test: [  0/391]	Time  7.313 ( 7.313)	Loss 6.0460e-01 (6.0460e-01)	Acc@1  82.81 ( 82.81)	Acc@5  95.31 ( 95.31)
[2023-03-16_10-28-09] Test: [ 10/391]	Time  0.074 ( 0.805)	Loss 9.4436e-01 (6.1096e-01)	Acc@1  75.78 ( 84.73)	Acc@5  95.31 ( 95.53)
[2023-03-16_10-28-10] Test: [ 20/391]	Time  0.100 ( 0.498)	Loss 8.5103e-01 (8.4931e-01)	Acc@1  80.47 ( 78.65)	Acc@5  91.41 ( 93.30)
[2023-03-16_10-28-11] Test: [ 30/391]	Time  0.113 ( 0.366)	Loss 1.4069e+00 (1.0062e+00)	Acc@1  74.22 ( 74.27)	Acc@5  88.28 ( 91.96)
[2023-03-16_10-28-13] Test: [ 40/391]	Time  0.241 ( 0.328)	Loss 8.9751e-01 (9.1138e-01)	Acc@1  79.69 ( 76.73)	Acc@5  92.19 ( 92.70)
[2023-03-16_10-28-15] Test: [ 50/391]	Time  0.102 ( 0.300)	Loss 4.1400e-01 (9.3012e-01)	Acc@1  87.50 ( 76.53)	Acc@5  98.44 ( 92.40)
[2023-03-16_10-28-16] Test: [ 60/391]	Time  0.140 ( 0.270)	Loss 9.5761e-01 (8.7137e-01)	Acc@1  77.34 ( 77.92)	Acc@5  90.62 ( 92.89)
[2023-03-16_10-28-18] Test: [ 70/391]	Time  0.073 ( 0.262)	Loss 9.6916e-01 (9.0148e-01)	Acc@1  70.31 ( 76.95)	Acc@5  96.09 ( 92.86)
[2023-03-16_10-28-20] Test: [ 80/391]	Time  0.164 ( 0.251)	Loss 8.9658e-01 (9.1488e-01)	Acc@1  71.88 ( 76.24)	Acc@5  96.09 ( 93.03)
[2023-03-16_10-28-22] Test: [ 90/391]	Time  0.222 ( 0.243)	Loss 1.0916e+00 (9.1758e-01)	Acc@1  63.28 ( 76.07)	Acc@5  94.53 ( 93.08)
[2023-03-16_10-28-23] Test: [100/391]	Time  0.074 ( 0.230)	Loss 7.7671e-01 (9.1229e-01)	Acc@1  80.47 ( 75.88)	Acc@5  94.53 ( 93.29)
[2023-03-16_10-28-25] Test: [110/391]	Time  0.102 ( 0.225)	Loss 1.2029e+00 (9.1699e-01)	Acc@1  52.34 ( 75.54)	Acc@5  92.19 ( 93.38)
[2023-03-16_10-28-26] Test: [120/391]	Time  0.119 ( 0.218)	Loss 7.6838e-01 (9.1415e-01)	Acc@1  80.47 ( 75.85)	Acc@5  96.88 ( 93.47)
[2023-03-16_10-28-27] Test: [130/391]	Time  0.100 ( 0.209)	Loss 3.9746e-01 (9.0456e-01)	Acc@1  92.97 ( 76.23)	Acc@5  96.88 ( 93.55)
[2023-03-16_10-28-29] Test: [140/391]	Time  0.244 ( 0.208)	Loss 9.9276e-01 (9.0307e-01)	Acc@1  71.88 ( 76.21)	Acc@5  96.09 ( 93.61)
[2023-03-16_10-28-31] Test: [150/391]	Time  0.115 ( 0.205)	Loss 7.8764e-01 (9.0623e-01)	Acc@1  70.31 ( 76.17)	Acc@5  93.75 ( 93.52)
[2023-03-16_10-28-32] Test: [160/391]	Time  0.183 ( 0.198)	Loss 9.0066e-01 (9.1365e-01)	Acc@1  75.78 ( 76.19)	Acc@5  92.19 ( 93.37)
[2023-03-16_10-28-34] Test: [170/391]	Time  0.202 ( 0.198)	Loss 1.7292e+00 (9.4787e-01)	Acc@1  55.47 ( 75.50)	Acc@5  85.94 ( 92.96)
[2023-03-16_10-28-35] Test: [180/391]	Time  0.144 ( 0.197)	Loss 2.1076e+00 (9.8018e-01)	Acc@1  49.22 ( 74.85)	Acc@5  82.81 ( 92.53)
[2023-03-16_10-28-38] Test: [190/391]	Time  0.174 ( 0.200)	Loss 2.0448e+00 (1.0142e+00)	Acc@1  54.69 ( 74.16)	Acc@5  82.03 ( 92.10)
[2023-03-16_10-28-40] Test: [200/391]	Time  0.173 ( 0.197)	Loss 1.1820e+00 (1.0454e+00)	Acc@1  66.41 ( 73.56)	Acc@5  89.84 ( 91.71)
[2023-03-16_10-28-41] Test: [210/391]	Time  0.307 ( 0.196)	Loss 1.4877e+00 (1.0657e+00)	Acc@1  69.53 ( 73.14)	Acc@5  84.38 ( 91.50)
[2023-03-16_10-28-43] Test: [220/391]	Time  0.092 ( 0.194)	Loss 6.9491e-01 (1.0767e+00)	Acc@1  82.81 ( 72.95)	Acc@5  94.53 ( 91.28)
[2023-03-16_10-28-44] Test: [230/391]	Time  0.081 ( 0.190)	Loss 2.0036e+00 (1.0901e+00)	Acc@1  51.56 ( 72.72)	Acc@5  78.91 ( 91.07)
[2023-03-16_10-28-45] Test: [240/391]	Time  0.074 ( 0.187)	Loss 1.2604e+00 (1.0979e+00)	Acc@1  73.44 ( 72.67)	Acc@5  86.72 ( 90.91)
[2023-03-16_10-28-46] Test: [250/391]	Time  0.104 ( 0.185)	Loss 8.2146e-01 (1.1250e+00)	Acc@1  75.00 ( 72.01)	Acc@5  92.97 ( 90.56)
[2023-03-16_10-28-48] Test: [260/391]	Time  0.092 ( 0.185)	Loss 1.4296e+00 (1.1450e+00)	Acc@1  62.50 ( 71.60)	Acc@5  89.84 ( 90.35)
[2023-03-16_10-28-49] Test: [270/391]	Time  0.099 ( 0.182)	Loss 1.9763e+00 (1.1545e+00)	Acc@1  53.91 ( 71.43)	Acc@5  87.50 ( 90.24)
[2023-03-16_10-28-51] Test: [280/391]	Time  0.148 ( 0.181)	Loss 1.2271e+00 (1.1615e+00)	Acc@1  65.62 ( 71.29)	Acc@5  91.41 ( 90.19)
[2023-03-16_10-28-52] Test: [290/391]	Time  0.075 ( 0.178)	Loss 1.8824e+00 (1.1762e+00)	Acc@1  47.66 ( 71.01)	Acc@5  82.03 ( 89.93)
[2023-03-16_10-28-53] Test: [300/391]	Time  0.074 ( 0.176)	Loss 1.2777e+00 (1.1879e+00)	Acc@1  76.56 ( 70.82)	Acc@5  87.50 ( 89.76)
[2023-03-16_10-28-54] Test: [310/391]	Time  0.108 ( 0.173)	Loss 1.6689e+00 (1.1977e+00)	Acc@1  64.84 ( 70.65)	Acc@5  85.16 ( 89.62)
[2023-03-16_10-28-57] Test: [320/391]	Time  0.181 ( 0.177)	Loss 8.2054e-01 (1.2073e+00)	Acc@1  84.38 ( 70.52)	Acc@5  92.97 ( 89.51)
[2023-03-16_10-28-58] Test: [330/391]	Time  0.074 ( 0.176)	Loss 2.0431e+00 (1.2253e+00)	Acc@1  54.69 ( 70.14)	Acc@5  78.12 ( 89.27)
[2023-03-16_10-28-59] Test: [340/391]	Time  0.177 ( 0.175)	Loss 1.1815e+00 (1.2320e+00)	Acc@1  70.31 ( 70.00)	Acc@5  91.41 ( 89.18)
[2023-03-16_10-29-00] Test: [350/391]	Time  0.074 ( 0.173)	Loss 1.4033e+00 (1.2379e+00)	Acc@1  64.84 ( 69.87)	Acc@5  89.06 ( 89.08)
[2023-03-16_10-29-01] Test: [360/391]	Time  0.073 ( 0.170)	Loss 1.7661e+00 (1.2487e+00)	Acc@1  53.91 ( 69.65)	Acc@5  88.28 ( 88.98)
[2023-03-16_10-29-02] Test: [370/391]	Time  0.074 ( 0.167)	Loss 1.1017e+00 (1.2426e+00)	Acc@1  64.06 ( 69.73)	Acc@5  94.53 ( 89.07)
[2023-03-16_10-29-03] Test: [380/391]	Time  0.074 ( 0.165)	Loss 9.5348e-01 (1.2440e+00)	Acc@1  75.00 ( 69.68)	Acc@5  95.31 ( 89.05)
[2023-03-16_10-29-03] Test: [390/391]	Time  0.048 ( 0.162)	Loss 2.4257e+00 (1.2376e+00)	Acc@1  38.75 ( 69.81)	Acc@5  78.75 ( 89.13)
[2023-03-16_10-29-04]  * Acc@1 69.810 Acc@5 89.134
