[2023-03-16_09-08-57] ./main.py -a resnet18_imagenet --action QUANTIZE --is_float True --exp 1 --man 1

[2023-03-16_09-08-57] desc=None, x_bits=None, w_bits=None, is_float=True, exp=1, man=1
[2023-03-16_09-08-57] __init__: arch=resnet18, dataset=imagenet, model_chkp=None, pretrained=True
[2023-03-16_09-08-59] train_pred: epochs=1, lr=0, lr_plan=None, momentum=0.9, wd=0.0005, batch_size=128, optimizer=SGD
[2023-03-16_09-08-59] lr=0, running train steps with no_grad()
[2023-03-16_09-09-05] Epoch: [0][   0/9375]	Time  5.421 ( 5.421)	Data  5.264 ( 5.264)	Loss 7.2439e+00 (7.2439e+00)	Acc@1   0.00 (  0.00)	Acc@5   0.00 (  0.00)
[2023-03-16_09-09-07] Epoch: [0][  10/9375]	Time  0.169 ( 0.741)	Data  0.006 ( 0.512)	Loss 7.2789e+00 (7.2309e+00)	Acc@1   0.00 (  0.00)	Acc@5   0.00 (  0.43)
[2023-03-16_09-09-16] Test: [  0/391]	Time  6.719 ( 6.719)	Loss 8.2796e+00 (8.2796e+00)	Acc@1   0.00 (  0.00)	Acc@5   0.00 (  0.00)
[2023-03-16_09-09-20] Test: [ 10/391]	Time  1.818 ( 0.930)	Loss 9.9048e+00 (9.2766e+00)	Acc@1   0.00 (  0.00)	Acc@5   0.00 (  0.00)
[2023-03-16_09-09-22] Test: [ 20/391]	Time  0.239 ( 0.595)	Loss 9.7033e+00 (9.2342e+00)	Acc@1   0.00 (  0.00)	Acc@5   0.00 (  0.00)
[2023-03-16_09-09-24] Test: [ 30/391]	Time  0.132 ( 0.465)	Loss 8.1823e+00 (9.1284e+00)	Acc@1   0.00 (  0.00)	Acc@5   0.00 (  0.00)
[2023-03-16_09-09-26] Test: [ 40/391]	Time  0.102 ( 0.388)	Loss 9.4758e+00 (9.1581e+00)	Acc@1   0.00 (  0.00)	Acc@5   0.00 (  0.00)
[2023-03-16_09-09-27] Test: [ 50/391]	Time  0.071 ( 0.336)	Loss 8.4984e+00 (9.0438e+00)	Acc@1   0.00 (  0.00)	Acc@5   0.00 (  0.00)
[2023-03-16_09-09-28] Test: [ 60/391]	Time  0.101 ( 0.296)	Loss 7.6685e+00 (9.1546e+00)	Acc@1   0.00 (  0.00)	Acc@5   0.00 (  0.05)
[2023-03-16_09-09-29] Test: [ 70/391]	Time  0.251 ( 0.278)	Loss 7.4878e+00 (8.9800e+00)	Acc@1   0.00 (  0.00)	Acc@5   0.00 (  0.04)
[2023-03-16_09-09-31] Test: [ 80/391]	Time  0.111 ( 0.262)	Loss 8.3797e+00 (8.8495e+00)	Acc@1   0.00 (  0.00)	Acc@5   0.00 (  0.04)
[2023-03-16_09-09-32] Test: [ 90/391]	Time  0.076 ( 0.244)	Loss 9.0016e+00 (8.7393e+00)	Acc@1   0.00 (  0.00)	Acc@5   0.00 (  0.03)
[2023-03-16_09-09-34] Test: [100/391]	Time  0.073 ( 0.237)	Loss 7.5089e+00 (8.6336e+00)	Acc@1   0.00 (  0.00)	Acc@5   0.00 (  0.07)
[2023-03-16_09-09-35] Test: [110/391]	Time  0.103 ( 0.227)	Loss 6.9203e+00 (8.6363e+00)	Acc@1   0.00 (  0.00)	Acc@5   0.00 (  0.06)
[2023-03-16_09-09-36] Test: [120/391]	Time  0.078 ( 0.215)	Loss 9.4074e+00 (8.7159e+00)	Acc@1   0.00 (  0.00)	Acc@5   0.00 (  0.06)
[2023-03-16_09-09-37] Test: [130/391]	Time  0.273 ( 0.209)	Loss 7.5059e+00 (8.7309e+00)	Acc@1   0.00 (  0.00)	Acc@5   0.00 (  0.05)
[2023-03-16_09-09-38] Test: [140/391]	Time  0.180 ( 0.203)	Loss 8.4400e+00 (8.7654e+00)	Acc@1   0.00 (  0.00)	Acc@5   0.00 (  0.05)
[2023-03-16_09-09-41] Test: [150/391]	Time  0.072 ( 0.204)	Loss 9.2218e+00 (8.7801e+00)	Acc@1   0.00 (  0.00)	Acc@5   0.00 (  0.05)
[2023-03-16_09-09-43] Test: [160/391]	Time  1.489 ( 0.206)	Loss 7.3147e+00 (8.7299e+00)	Acc@1   0.00 (  0.00)	Acc@5   0.00 (  0.04)
[2023-03-16_09-09-44] Test: [170/391]	Time  0.092 ( 0.203)	Loss 7.3506e+00 (8.6593e+00)	Acc@1   0.00 (  0.00)	Acc@5   0.00 (  0.06)
[2023-03-16_09-09-45] Test: [180/391]	Time  0.073 ( 0.197)	Loss 6.3295e+00 (8.5991e+00)	Acc@1   4.69 (  0.03)	Acc@5  10.94 (  0.12)
[2023-03-16_09-09-47] Test: [190/391]	Time  0.100 ( 0.194)	Loss 5.6872e+00 (8.5589e+00)	Acc@1   3.91 (  0.12)	Acc@5  22.66 (  0.36)
[2023-03-16_09-09-49] Test: [200/391]	Time  0.246 ( 0.193)	Loss 6.3971e+00 (8.4972e+00)	Acc@1   0.00 (  0.11)	Acc@5   0.00 (  0.37)
[2023-03-16_09-09-50] Test: [210/391]	Time  0.264 ( 0.191)	Loss 7.8758e+00 (8.4663e+00)	Acc@1   0.00 (  0.11)	Acc@5   0.00 (  0.36)
[2023-03-16_09-09-51] Test: [220/391]	Time  0.073 ( 0.187)	Loss 8.3516e+00 (8.4592e+00)	Acc@1   0.00 (  0.10)	Acc@5   0.00 (  0.35)
[2023-03-16_09-09-53] Test: [230/391]	Time  0.192 ( 0.188)	Loss 6.5908e+00 (8.4234e+00)	Acc@1   0.00 (  0.10)	Acc@5   0.78 (  0.36)
[2023-03-16_09-09-55] Test: [240/391]	Time  0.102 ( 0.187)	Loss 8.4372e+00 (8.3945e+00)	Acc@1   0.00 (  0.17)	Acc@5   0.00 (  0.50)
[2023-03-16_09-09-56] Test: [250/391]	Time  0.197 ( 0.184)	Loss 8.0035e+00 (8.3580e+00)	Acc@1   0.00 (  0.16)	Acc@5   0.00 (  0.48)
[2023-03-16_09-09-58] Test: [260/391]	Time  0.400 ( 0.185)	Loss 7.0418e+00 (8.3395e+00)	Acc@1   0.00 (  0.15)	Acc@5   1.56 (  0.47)
[2023-03-16_09-10-00] Test: [270/391]	Time  0.234 ( 0.186)	Loss 7.4165e+00 (8.3323e+00)	Acc@1   0.00 (  0.15)	Acc@5   0.00 (  0.45)
[2023-03-16_09-10-02] Test: [280/391]	Time  0.121 ( 0.185)	Loss 8.6645e+00 (8.3009e+00)	Acc@1   0.00 (  0.15)	Acc@5   0.00 (  0.47)
[2023-03-16_09-10-04] Test: [290/391]	Time  0.169 ( 0.185)	Loss 8.5035e+00 (8.2756e+00)	Acc@1   0.00 (  0.14)	Acc@5   0.00 (  0.46)
[2023-03-16_09-10-05] Test: [300/391]	Time  0.077 ( 0.183)	Loss 6.5949e+00 (8.2398e+00)	Acc@1   0.00 (  0.14)	Acc@5   0.00 (  0.47)
[2023-03-16_09-10-06] Test: [310/391]	Time  0.072 ( 0.179)	Loss 7.9417e+00 (8.2158e+00)	Acc@1   0.00 (  0.13)	Acc@5   0.00 (  0.46)
[2023-03-16_09-10-07] Test: [320/391]	Time  0.073 ( 0.178)	Loss 9.4769e+00 (8.2100e+00)	Acc@1   0.00 (  0.13)	Acc@5   0.00 (  0.47)
[2023-03-16_09-10-09] Test: [330/391]	Time  0.168 ( 0.178)	Loss 6.3081e+00 (8.1860e+00)	Acc@1   0.00 (  0.13)	Acc@5   0.78 (  0.47)
[2023-03-16_09-10-10] Test: [340/391]	Time  0.097 ( 0.177)	Loss 7.5177e+00 (8.1642e+00)	Acc@1   0.00 (  0.12)	Acc@5   0.78 (  0.46)
[2023-03-16_09-10-11] Test: [350/391]	Time  0.072 ( 0.174)	Loss 7.0510e+00 (8.1562e+00)	Acc@1   0.00 (  0.12)	Acc@5   0.00 (  0.45)
[2023-03-16_09-10-12] Test: [360/391]	Time  0.072 ( 0.171)	Loss 8.0631e+00 (8.1358e+00)	Acc@1   0.00 (  0.14)	Acc@5   0.00 (  0.56)
[2023-03-16_09-10-12] Test: [370/391]	Time  0.073 ( 0.169)	Loss 8.7116e+00 (8.1489e+00)	Acc@1   0.00 (  0.14)	Acc@5   0.00 (  0.54)
[2023-03-16_09-10-13] Test: [380/391]	Time  0.072 ( 0.166)	Loss 9.9189e+00 (8.1533e+00)	Acc@1   0.00 (  0.13)	Acc@5   0.00 (  0.53)
[2023-03-16_09-10-14] Test: [390/391]	Time  0.047 ( 0.164)	Loss 6.1947e+00 (8.1703e+00)	Acc@1   0.00 (  0.13)	Acc@5   0.00 (  0.52)
[2023-03-16_09-10-14]  * Acc@1 0.130 Acc@5 0.518
