[2023-03-16_09-02-01] ./main.py -a resnet18_imagenet --action QUANTIZE --is_float True --exp 10 --man 5

[2023-03-16_09-02-01] desc=None, x_bits=None, w_bits=None, is_float=True, exp=10, man=5
[2023-03-16_09-02-01] __init__: arch=resnet18, dataset=imagenet, model_chkp=None, pretrained=True
[2023-03-16_09-02-04] train_pred: epochs=1, lr=0, lr_plan=None, momentum=0.9, wd=0.0005, batch_size=128, optimizer=SGD
[2023-03-16_09-02-04] lr=0, running train steps with no_grad()
[2023-03-16_09-02-10] Epoch: [0][   0/9375]	Time  6.031 ( 6.031)	Data  5.458 ( 5.458)	Loss 1.2174e+00 (1.2174e+00)	Acc@1  67.19 ( 67.19)	Acc@5  90.62 ( 90.62)
[2023-03-16_09-02-12] Epoch: [0][  10/9375]	Time  0.212 ( 0.776)	Data  0.024 ( 0.500)	Loss 1.2754e+00 (1.3170e+00)	Acc@1  70.31 ( 68.39)	Acc@5  89.84 ( 87.78)
[2023-03-16_09-02-23] Test: [  0/391]	Time  7.928 ( 7.928)	Loss 6.0460e-01 (6.0460e-01)	Acc@1  82.81 ( 82.81)	Acc@5  95.31 ( 95.31)
[2023-03-16_09-02-25] Test: [ 10/391]	Time  1.078 ( 0.909)	Loss 9.4436e-01 (6.1096e-01)	Acc@1  75.78 ( 84.73)	Acc@5  95.31 ( 95.53)
[2023-03-16_09-02-26] Test: [ 20/391]	Time  0.182 ( 0.548)	Loss 8.5103e-01 (8.4931e-01)	Acc@1  80.47 ( 78.65)	Acc@5  91.41 ( 93.30)
[2023-03-16_09-02-28] Test: [ 30/391]	Time  0.295 ( 0.436)	Loss 1.4069e+00 (1.0062e+00)	Acc@1  74.22 ( 74.27)	Acc@5  88.28 ( 91.96)
[2023-03-16_09-02-30] Test: [ 40/391]	Time  0.221 ( 0.373)	Loss 8.9751e-01 (9.1138e-01)	Acc@1  79.69 ( 76.73)	Acc@5  92.19 ( 92.70)
[2023-03-16_09-02-31] Test: [ 50/391]	Time  0.070 ( 0.319)	Loss 4.1400e-01 (9.3012e-01)	Acc@1  87.50 ( 76.53)	Acc@5  98.44 ( 92.40)
[2023-03-16_09-02-33] Test: [ 60/391]	Time  0.151 ( 0.295)	Loss 9.5761e-01 (8.7137e-01)	Acc@1  77.34 ( 77.92)	Acc@5  90.62 ( 92.89)
[2023-03-16_09-02-34] Test: [ 70/391]	Time  0.154 ( 0.279)	Loss 9.6916e-01 (9.0148e-01)	Acc@1  70.31 ( 76.95)	Acc@5  96.09 ( 92.86)
[2023-03-16_09-02-35] Test: [ 80/391]	Time  0.078 ( 0.256)	Loss 8.9658e-01 (9.1488e-01)	Acc@1  71.88 ( 76.24)	Acc@5  96.09 ( 93.03)
[2023-03-16_09-02-37] Test: [ 90/391]	Time  0.215 ( 0.246)	Loss 1.0916e+00 (9.1758e-01)	Acc@1  63.28 ( 76.07)	Acc@5  94.53 ( 93.08)
[2023-03-16_09-02-39] Test: [100/391]	Time  0.294 ( 0.241)	Loss 7.7671e-01 (9.1229e-01)	Acc@1  80.47 ( 75.88)	Acc@5  94.53 ( 93.29)
[2023-03-16_09-02-41] Test: [110/391]	Time  0.215 ( 0.235)	Loss 1.2029e+00 (9.1699e-01)	Acc@1  52.34 ( 75.54)	Acc@5  92.19 ( 93.38)
[2023-03-16_09-02-43] Test: [120/391]	Time  0.123 ( 0.230)	Loss 7.6838e-01 (9.1415e-01)	Acc@1  80.47 ( 75.85)	Acc@5  96.88 ( 93.47)
[2023-03-16_09-02-44] Test: [130/391]	Time  0.080 ( 0.221)	Loss 3.9746e-01 (9.0456e-01)	Acc@1  92.97 ( 76.23)	Acc@5  96.88 ( 93.55)
[2023-03-16_09-02-46] Test: [140/391]	Time  0.278 ( 0.219)	Loss 9.9276e-01 (9.0307e-01)	Acc@1  71.88 ( 76.21)	Acc@5  96.09 ( 93.61)
[2023-03-16_09-02-47] Test: [150/391]	Time  0.155 ( 0.217)	Loss 7.8764e-01 (9.0623e-01)	Acc@1  70.31 ( 76.17)	Acc@5  93.75 ( 93.52)
[2023-03-16_09-02-49] Test: [160/391]	Time  0.073 ( 0.212)	Loss 9.0066e-01 (9.1365e-01)	Acc@1  75.78 ( 76.19)	Acc@5  92.19 ( 93.37)
[2023-03-16_09-02-50] Test: [170/391]	Time  0.158 ( 0.207)	Loss 1.7292e+00 (9.4787e-01)	Acc@1  55.47 ( 75.50)	Acc@5  85.94 ( 92.96)
[2023-03-16_09-02-52] Test: [180/391]	Time  0.214 ( 0.205)	Loss 2.1076e+00 (9.8018e-01)	Acc@1  49.22 ( 74.85)	Acc@5  82.81 ( 92.53)
[2023-03-16_09-02-53] Test: [190/391]	Time  0.140 ( 0.203)	Loss 2.0448e+00 (1.0142e+00)	Acc@1  54.69 ( 74.16)	Acc@5  82.03 ( 92.10)
[2023-03-16_09-02-55] Test: [200/391]	Time  0.172 ( 0.201)	Loss 1.1820e+00 (1.0454e+00)	Acc@1  66.41 ( 73.56)	Acc@5  89.84 ( 91.71)
[2023-03-16_09-02-56] Test: [210/391]	Time  0.140 ( 0.198)	Loss 1.4877e+00 (1.0657e+00)	Acc@1  69.53 ( 73.14)	Acc@5  84.38 ( 91.50)
[2023-03-16_09-02-58] Test: [220/391]	Time  0.103 ( 0.194)	Loss 6.9491e-01 (1.0767e+00)	Acc@1  82.81 ( 72.95)	Acc@5  94.53 ( 91.28)
[2023-03-16_09-02-59] Test: [230/391]	Time  0.092 ( 0.193)	Loss 2.0036e+00 (1.0901e+00)	Acc@1  51.56 ( 72.72)	Acc@5  78.91 ( 91.07)
[2023-03-16_09-03-01] Test: [240/391]	Time  0.172 ( 0.192)	Loss 1.2604e+00 (1.0979e+00)	Acc@1  73.44 ( 72.67)	Acc@5  86.72 ( 90.91)
[2023-03-16_09-03-02] Test: [250/391]	Time  0.099 ( 0.188)	Loss 8.2146e-01 (1.1250e+00)	Acc@1  75.00 ( 72.01)	Acc@5  92.97 ( 90.56)
[2023-03-16_09-03-03] Test: [260/391]	Time  0.154 ( 0.187)	Loss 1.4296e+00 (1.1450e+00)	Acc@1  62.50 ( 71.60)	Acc@5  89.84 ( 90.35)
[2023-03-16_09-03-05] Test: [270/391]	Time  0.178 ( 0.185)	Loss 1.9763e+00 (1.1545e+00)	Acc@1  53.91 ( 71.43)	Acc@5  87.50 ( 90.24)
[2023-03-16_09-03-07] Test: [280/391]	Time  0.169 ( 0.185)	Loss 1.2271e+00 (1.1615e+00)	Acc@1  65.62 ( 71.29)	Acc@5  91.41 ( 90.19)
[2023-03-16_09-03-08] Test: [290/391]	Time  0.185 ( 0.184)	Loss 1.8824e+00 (1.1762e+00)	Acc@1  47.66 ( 71.01)	Acc@5  82.03 ( 89.93)
[2023-03-16_09-03-10] Test: [300/391]	Time  0.125 ( 0.183)	Loss 1.2777e+00 (1.1879e+00)	Acc@1  76.56 ( 70.82)	Acc@5  87.50 ( 89.76)
[2023-03-16_09-03-11] Test: [310/391]	Time  0.119 ( 0.182)	Loss 1.6689e+00 (1.1977e+00)	Acc@1  64.84 ( 70.65)	Acc@5  85.16 ( 89.62)
[2023-03-16_09-03-13] Test: [320/391]	Time  0.184 ( 0.181)	Loss 8.2054e-01 (1.2073e+00)	Acc@1  84.38 ( 70.52)	Acc@5  92.97 ( 89.51)
[2023-03-16_09-03-14] Test: [330/391]	Time  0.145 ( 0.180)	Loss 2.0431e+00 (1.2253e+00)	Acc@1  54.69 ( 70.14)	Acc@5  78.12 ( 89.27)
[2023-03-16_09-03-15] Test: [340/391]	Time  0.073 ( 0.178)	Loss 1.1815e+00 (1.2320e+00)	Acc@1  70.31 ( 70.00)	Acc@5  91.41 ( 89.18)
[2023-03-16_09-03-16] Test: [350/391]	Time  0.073 ( 0.175)	Loss 1.4033e+00 (1.2379e+00)	Acc@1  64.84 ( 69.87)	Acc@5  89.06 ( 89.08)
[2023-03-16_09-03-17] Test: [360/391]	Time  0.073 ( 0.172)	Loss 1.7661e+00 (1.2487e+00)	Acc@1  53.91 ( 69.65)	Acc@5  88.28 ( 88.98)
[2023-03-16_09-03-17] Test: [370/391]	Time  0.073 ( 0.169)	Loss 1.1017e+00 (1.2426e+00)	Acc@1  64.06 ( 69.73)	Acc@5  94.53 ( 89.07)
[2023-03-16_09-03-18] Test: [380/391]	Time  0.073 ( 0.167)	Loss 9.5348e-01 (1.2440e+00)	Acc@1  75.00 ( 69.68)	Acc@5  95.31 ( 89.05)
[2023-03-16_09-03-19] Test: [390/391]	Time  0.048 ( 0.164)	Loss 2.4257e+00 (1.2376e+00)	Acc@1  38.75 ( 69.81)	Acc@5  78.75 ( 89.13)
[2023-03-16_09-03-19]  * Acc@1 69.810 Acc@5 89.134
